SF:lib\core\navigation\app_routes.dart
DA:30,0
LF:1
LH:0
end_of_record
SF:lib\features\cart\domain\entities\cart_item.dart
DA:14,0
DA:23,0
DA:24,0
DA:27,0
DA:28,0
DA:29,0
DA:31,0
DA:39,0
DA:40,0
DA:41,0
DA:42,0
DA:43,0
DA:44,0
DA:45,0
DA:49,0
DA:50,0
DA:51,0
DA:52,0
DA:53,0
DA:54,0
DA:55,0
DA:56,0
LF:22
LH:0
end_of_record
SF:lib\features\cart\domain\entities\cart_request.dart
DA:21,2
DA:37,3
DA:38,0
DA:39,0
DA:40,0
DA:41,6
DA:42,0
DA:44,0
DA:46,2
DA:61,2
DA:62,2
DA:63,2
DA:64,2
DA:65,2
DA:66,2
DA:67,2
DA:68,2
DA:69,2
DA:70,2
DA:71,2
DA:72,2
DA:73,2
DA:74,2
DA:78,0
DA:79,0
DA:80,0
DA:81,0
DA:82,0
DA:83,0
DA:84,0
DA:85,0
DA:86,0
DA:87,0
DA:88,0
DA:89,0
DA:90,0
DA:91,0
DA:92,0
LF:38
LH:18
end_of_record
SF:lib\features\notifications\presentation\widgets\pending_request_dialog.dart
DA:14,2
DA:21,2
DA:23,4
DA:27,4
DA:28,4
DA:30,2
DA:31,2
DA:32,2
DA:34,2
DA:37,2
DA:40,2
DA:42,2
DA:43,2
DA:44,2
DA:46,2
DA:47,6
DA:48,2
DA:50,2
DA:52,6
DA:57,2
DA:58,2
DA:60,2
DA:61,2
DA:63,8
DA:67,2
DA:68,4
DA:69,8
DA:70,6
DA:76,2
DA:78,3
DA:88,2
DA:93,2
DA:94,2
DA:95,2
DA:96,2
DA:97,6
DA:100,2
DA:108,2
DA:109,2
DA:110,2
DA:111,4
DA:112,6
DA:116,2
DA:124,4
DA:126,2
DA:128,2
DA:129,1
DA:130,2
DA:131,3
DA:134,4
DA:144,2
DA:145,2
DA:147,2
DA:148,6
DA:149,2
DA:150,2
DA:151,6
DA:154,2
DA:156,2
DA:158,2
DA:160,2
DA:161,2
DA:162,2
DA:163,1
DA:164,2
DA:166,2
DA:167,2
DA:168,8
DA:169,5
DA:177,2
DA:178,2
DA:179,8
DA:188,2
DA:189,4
DA:190,8
DA:191,6
DA:197,2
DA:198,2
DA:199,2
DA:202,6
DA:205,2
DA:206,6
DA:207,8
DA:209,6
DA:212,4
DA:214,2
DA:217,6
DA:220,2
DA:221,4
DA:222,8
DA:223,6
DA:232,2
DA:233,2
DA:234,2
DA:237,6
DA:240,2
DA:241,4
DA:242,8
DA:243,6
DA:253,2
DA:254,2
DA:256,2
DA:258,4
DA:260,2
DA:263,2
DA:266,2
DA:277,2
DA:278,2
DA:279,3
DA:282,2
DA:283,2
DA:284,4
DA:285,4
DA:286,10
DA:288,4
DA:290,2
DA:301,2
DA:302,2
DA:303,2
DA:305,4
DA:306,8
DA:307,2
DA:308,4
DA:309,2
DA:310,4
LF:125
LH:125
end_of_record
SF:lib\injection\injection_container.dart
DA:174,3
DA:176,0
DA:178,0
DA:179,0
DA:181,0
DA:182,0
DA:184,0
DA:187,0
DA:188,0
DA:191,0
DA:192,0
DA:195,0
DA:196,0
DA:199,0
DA:200,0
DA:203,0
DA:204,0
DA:208,0
DA:209,0
DA:212,0
DA:213,0
DA:216,0
DA:217,0
DA:220,0
DA:221,0
DA:224,0
DA:225,0
DA:229,0
DA:230,0
DA:234,0
DA:235,0
DA:239,0
DA:240,0
DA:243,0
DA:244,0
DA:248,0
DA:249,0
DA:252,0
DA:253,0
DA:257,0
DA:258,0
DA:262,0
DA:263,0
DA:267,0
DA:268,0
DA:271,0
DA:272,0
DA:275,0
DA:276,0
DA:279,0
DA:280,0
DA:284,0
DA:285,0
DA:286,0
DA:287,0
DA:291,0
DA:292,0
DA:293,0
DA:294,0
DA:299,0
DA:300,0
DA:301,0
DA:302,0
DA:306,0
DA:307,0
DA:308,0
DA:309,0
DA:313,0
DA:314,0
DA:315,0
DA:316,0
DA:321,0
DA:322,0
DA:323,0
DA:328,0
DA:329,0
DA:330,0
DA:335,0
DA:336,0
DA:337,0
DA:338,0
DA:343,0
DA:344,0
DA:345,0
DA:346,0
DA:351,0
DA:352,0
DA:353,0
DA:358,0
DA:359,0
DA:360,0
DA:365,0
DA:366,0
DA:367,0
DA:368,0
DA:372,0
DA:373,0
DA:374,0
DA:375,0
DA:380,0
DA:381,0
DA:384,0
DA:385,0
DA:388,0
DA:389,0
DA:390,0
DA:391,0
DA:395,0
DA:396,0
DA:397,0
DA:398,0
DA:403,0
DA:404,0
DA:405,0
DA:409,0
DA:410,0
DA:411,0
DA:416,0
DA:417,0
DA:418,0
DA:419,0
DA:420,0
DA:423,0
DA:424,0
DA:425,0
DA:426,0
DA:427,0
DA:428,0
DA:432,0
DA:433,0
DA:434,0
DA:435,0
DA:440,0
DA:441,0
DA:442,0
DA:444,0
DA:445,0
DA:446,0
DA:448,0
DA:449,0
DA:450,0
DA:452,0
DA:453,0
DA:454,0
DA:455,0
DA:459,0
DA:460,0
DA:463,0
DA:464,0
DA:467,0
DA:468,0
DA:471,0
DA:472,0
DA:475,0
DA:476,0
DA:479,0
DA:480,0
DA:483,0
DA:484,0
DA:487,0
DA:488,0
DA:491,0
DA:492,0
DA:495,0
DA:496,0
DA:499,0
DA:500,0
DA:503,0
DA:504,0
DA:507,0
DA:508,0
DA:511,0
DA:512,0
DA:515,0
DA:516,0
DA:520,0
DA:521,0
DA:524,0
DA:525,0
DA:528,0
DA:529,0
DA:532,0
DA:533,0
DA:536,0
DA:537,0
DA:540,0
DA:541,0
DA:544,0
DA:545,0
DA:548,0
DA:549,0
DA:552,0
DA:553,0
DA:556,0
DA:557,0
DA:560,0
DA:561,0
DA:564,0
DA:565,0
DA:569,0
DA:570,0
DA:573,0
DA:574,0
DA:577,0
DA:578,0
DA:582,0
DA:583,0
DA:586,0
DA:587,0
DA:591,0
DA:592,0
DA:595,0
DA:596,0
DA:599,0
DA:600,0
DA:603,0
DA:604,0
DA:607,0
DA:608,0
DA:612,0
DA:613,0
DA:616,0
DA:617,0
DA:620,0
DA:621,0
DA:624,0
DA:625,0
DA:628,0
DA:629,0
DA:632,0
DA:633,0
DA:636,0
DA:637,0
DA:640,0
DA:641,0
DA:644,0
DA:645,0
DA:648,0
DA:649,0
DA:652,0
DA:653,0
DA:656,0
DA:657,0
DA:660,0
DA:661,0
DA:664,0
DA:665,0
DA:669,0
DA:670,0
DA:673,0
DA:674,0
DA:677,0
DA:678,0
DA:681,0
DA:682,0
DA:686,0
DA:687,0
DA:690,0
DA:691,0
DA:694,0
DA:695,0
DA:698,0
DA:699,0
DA:703,0
DA:704,0
DA:705,0
DA:706,0
DA:709,0
DA:710,0
DA:711,0
DA:715,0
DA:716,0
DA:717,0
DA:718,0
DA:719,0
DA:720,0
DA:721,0
DA:722,0
DA:723,0
DA:726,0
DA:727,0
DA:728,0
DA:729,0
DA:730,0
DA:731,0
DA:732,0
DA:733,0
DA:734,0
DA:735,0
DA:738,0
DA:739,0
DA:740,0
DA:741,0
DA:742,0
DA:743,0
DA:744,0
DA:748,0
DA:749,0
DA:750,0
DA:751,0
DA:752,0
DA:753,0
DA:754,0
DA:758,0
DA:759,0
DA:760,0
DA:764,0
DA:765,0
DA:766,0
DA:767,0
DA:768,0
DA:772,0
DA:773,0
DA:777,0
DA:778,0
DA:779,0
DA:780,0
DA:781,0
DA:782,0
DA:783,0
DA:784,0
DA:785,0
DA:789,0
DA:790,0
DA:791,0
DA:792,0
DA:793,0
DA:794,0
DA:798,0
DA:799,0
DA:800,0
DA:801,0
DA:802,0
DA:806,0
DA:807,0
DA:808,0
DA:809,0
DA:810,0
DA:811,0
DA:812,0
DA:813,0
DA:814,0
DA:815,0
DA:819,0
DA:820,0
DA:821,0
DA:822,0
LF:347
LH:1
end_of_record
SF:lib\features\profile\domain\entities\user_profile.dart
DA:18,0
DA:34,0
DA:35,0
DA:36,0
DA:40,0
DA:41,0
DA:42,0
DA:43,0
DA:44,0
DA:48,0
DA:49,0
DA:50,0
DA:51,0
DA:52,0
DA:53,0
DA:54,0
DA:58,0
DA:62,0
DA:63,0
DA:64,0
DA:65,0
DA:66,0
DA:67,0
DA:69,0
DA:72,0
DA:73,0
DA:74,0
DA:75,0
DA:76,0
DA:77,0
DA:78,0
DA:79,0
DA:80,0
DA:81,0
DA:82,0
DA:83,0
DA:84,0
DA:85,0
DA:88,0
DA:102,0
DA:103,0
DA:104,0
DA:105,0
DA:106,0
DA:107,0
DA:108,0
DA:109,0
DA:110,0
DA:111,0
DA:112,0
DA:113,0
DA:114,0
DA:128,2
DA:138,0
DA:139,0
DA:140,0
DA:141,0
DA:142,0
DA:143,0
DA:144,0
DA:145,0
DA:146,0
DA:150,0
DA:151,0
DA:153,0
DA:154,0
DA:155,0
DA:156,0
DA:157,0
DA:159,0
DA:162,0
DA:163,0
DA:164,0
DA:165,0
DA:166,0
DA:167,0
DA:168,0
DA:169,0
DA:172,0
DA:180,0
DA:181,0
DA:182,0
DA:183,0
DA:184,0
DA:185,0
DA:186,0
LF:86
LH:1
end_of_record
SF:lib\core\error\failures.dart
DA:6,27
DA:8,0
DA:9,0
DA:13,7
DA:17,2
DA:21,5
DA:25,18
DA:29,2
DA:33,0
DA:37,0
DA:41,0
LF:11
LH:6
end_of_record
SF:lib\features\profile\domain\usecases\delete_avatar_usecase.dart
DA:10,0
DA:12,0
DA:13,0
LF:3
LH:0
end_of_record
SF:lib\features\profile\domain\usecases\get_profile_usecase.dart
DA:10,0
DA:12,0
DA:13,0
LF:3
LH:0
end_of_record
SF:lib\features\profile\domain\usecases\update_avatar_usecase.dart
DA:10,0
DA:12,0
DA:13,0
DA:18,0
DA:19,0
DA:20,0
DA:24,0
LF:7
LH:0
end_of_record
SF:lib\features\profile\domain\usecases\update_profile_usecase.dart
DA:10,0
DA:12,0
DA:14,0
DA:18,0
DA:23,0
DA:24,0
DA:29,0
DA:30,0
DA:31,0
DA:36,0
LF:10
LH:0
end_of_record
SF:lib\features\profile\presentation\bloc\profile_bloc.dart
DA:19,0
DA:25,0
DA:26,0
DA:27,0
DA:28,0
DA:29,0
DA:30,0
DA:31,0
DA:32,0
DA:35,0
DA:36,0
DA:38,0
DA:40,0
DA:41,0
DA:42,0
DA:46,0
DA:47,0
DA:50,0
DA:52,0
DA:54,0
DA:55,0
DA:56,0
DA:60,0
DA:61,0
DA:64,0
DA:66,0
DA:68,0
DA:69,0
DA:70,0
DA:74,0
DA:75,0
DA:78,0
DA:80,0
DA:82,0
DA:83,0
DA:84,0
DA:88,0
DA:89,0
DA:92,0
DA:94,0
DA:95,0
DA:96,0
DA:100,0
DA:101,0
DA:104,0
DA:106,0
DA:107,0
DA:108,0
DA:112,0
DA:113,0
DA:116,0
DA:118,0
DA:120,0
DA:121,0
DA:122,0
DA:124,0
DA:125,0
DA:126,0
DA:127,0
DA:134,0
DA:135,0
DA:136,0
DA:137,0
DA:138,0
DA:139,0
DA:140,0
DA:141,0
DA:142,0
LF:68
LH:0
end_of_record
SF:lib\features\profile\presentation\bloc\profile_event.dart
DA:6,0
DA:8,0
DA:9,0
DA:14,0
DA:21,0
DA:23,0
DA:24,0
DA:31,0
DA:33,0
DA:34,0
DA:39,0
DA:44,0
DA:51,0
DA:53,0
DA:54,0
DA:62,0
DA:64,0
DA:65,0
LF:18
LH:0
end_of_record
SF:lib\features\profile\presentation\bloc\profile_state.dart
DA:6,2
DA:8,0
DA:9,0
DA:14,2
DA:19,2
DA:27,0
DA:29,0
DA:30,0
DA:37,0
DA:39,0
DA:40,0
DA:47,0
DA:49,0
DA:50,0
DA:57,0
DA:59,0
DA:60,0
DA:68,0
DA:70,0
DA:71,0
DA:78,0
DA:80,0
DA:81,0
DA:89,0
DA:91,0
DA:92,0
LF:26
LH:3
end_of_record
SF:lib\features\profile\data\datasources\profile_remote_data_source.dart
DA:21,0
DA:24,0
DA:38,0
DA:42,0
DA:43,0
DA:46,0
DA:49,0
DA:52,0
DA:54,0
DA:58,0
DA:61,0
DA:64,0
DA:65,0
DA:68,0
DA:72,0
DA:75,0
DA:81,0
DA:83,0
DA:86,0
DA:90,0
DA:93,0
DA:96,0
DA:98,0
DA:101,0
DA:105,0
DA:108,0
DA:112,0
DA:118,0
DA:119,0
DA:123,0
DA:126,0
DA:133,0
DA:136,0
DA:143,0
DA:146,0
DA:149,0
DA:150,0
DA:154,0
DA:157,0
DA:162,0
DA:165,0
DA:169,0
DA:175,0
DA:176,0
LF:44
LH:0
end_of_record
SF:lib\features\profile\data\models\user_profile_model.dart
DA:5,0
DA:21,0
DA:22,0
DA:23,0
DA:24,0
DA:25,0
DA:26,0
DA:27,0
DA:28,0
DA:29,0
DA:31,0
DA:32,0
DA:34,0
DA:35,0
DA:36,0
DA:37,0
DA:38,0
DA:43,0
DA:44,0
DA:45,0
DA:46,0
DA:47,0
DA:48,0
DA:49,0
DA:50,0
DA:51,0
DA:52,0
DA:53,0
DA:54,0
DA:55,0
DA:56,0
DA:61,0
DA:62,0
DA:63,0
DA:64,0
DA:65,0
DA:66,0
DA:67,0
DA:68,0
DA:69,0
DA:70,0
DA:71,0
DA:72,0
DA:73,0
DA:74,0
DA:79,0
DA:94,0
DA:95,0
DA:96,0
DA:97,0
DA:98,0
DA:99,0
DA:100,0
DA:101,0
DA:102,0
DA:103,0
DA:104,0
DA:105,0
DA:106,0
DA:116,2
DA:126,0
DA:127,0
DA:128,0
DA:129,0
DA:130,0
DA:131,0
DA:132,0
DA:133,0
DA:138,0
DA:139,0
DA:140,0
DA:141,0
DA:142,0
DA:143,0
DA:144,0
DA:145,0
DA:150,0
DA:151,0
DA:152,0
DA:153,0
DA:154,0
DA:155,0
DA:156,0
DA:157,0
DA:162,0
DA:171,0
DA:172,0
DA:173,0
DA:174,0
DA:175,0
DA:176,0
DA:177,0
LF:92
LH:1
end_of_record
SF:lib\features\policies\domain\entities\policy.dart
DA:9,0
DA:17,0
DA:20,0
DA:21,0
DA:22,0
DA:23,0
DA:24,0
DA:25,0
DA:26,0
DA:28,0
DA:30,0
DA:31,0
DA:32,0
DA:33,0
DA:34,0
DA:36,0
DA:38,0
LF:17
LH:0
end_of_record
SF:lib\features\policies\domain\usecases\get_policy_usecase.dart
DA:8,0
DA:11,0
DA:14,0
DA:18,0
DA:25,0
DA:27,0
DA:35,0
LF:7
LH:0
end_of_record
SF:lib\features\policies\presentation\bloc\policy_bloc.dart
DA:10,0
DA:11,0
DA:12,0
DA:15,0
DA:16,0
DA:19,0
DA:20,0
DA:22,0
DA:26,0
DA:29,0
DA:30,0
DA:32,0
LF:12
LH:0
end_of_record
SF:lib\features\policies\presentation\bloc\policy_event.dart
DA:8,0
DA:10,0
DA:13,0
DA:14,0
DA:15,0
DA:17,0
DA:18,0
DA:25,0
DA:27,0
DA:30,0
DA:31,0
DA:32,0
DA:34,0
DA:35,0
LF:14
LH:0
end_of_record
SF:lib\features\policies\presentation\bloc\policy_state.dart
DA:16,0
DA:23,0
LF:2
LH:0
end_of_record
SF:lib\features\policies\data\datasources\policy_remote_datasource.dart
DA:15,0
DA:17,0
DA:20,0
DA:23,0
DA:26,0
DA:29,0
DA:30,0
DA:33,0
DA:34,0
DA:37,0
DA:38,0
DA:41,0
DA:42,0
DA:45,0
DA:46,0
DA:49,0
DA:50,0
DA:53,0
DA:54,0
DA:57,0
DA:58,0
DA:63,0
DA:66,0
DA:67,0
DA:73,0
DA:136,0
DA:172,0
DA:223,0
DA:278,0
LF:29
LH:0
end_of_record
SF:lib\features\policies\data\models\policy_model.dart
DA:5,0
DA:14,0
DA:15,0
DA:16,0
DA:17,0
DA:18,0
DA:19,0
DA:20,0
DA:25,0
DA:26,0
DA:27,0
DA:28,0
DA:29,0
DA:30,0
DA:31,0
DA:36,0
DA:37,0
DA:38,0
DA:39,0
DA:40,0
DA:41,0
DA:42,0
DA:47,0
DA:48,0
DA:49,0
DA:50,0
DA:51,0
DA:52,0
DA:53,0
LF:29
LH:0
end_of_record
SF:lib\features\policies\data\datasources\policy_local_datasource.dart
DA:26,0
DA:29,0
DA:30,0
DA:33,0
DA:34,0
DA:43,0
DA:46,0
DA:47,0
DA:49,0
DA:50,0
DA:51,0
DA:57,0
DA:60,0
DA:61,0
DA:62,0
DA:63,0
DA:64,0
DA:66,0
DA:67,0
DA:74,0
DA:77,0
DA:78,0
DA:84,0
DA:85,0
DA:87,0
LF:25
LH:0
end_of_record
SF:lib\features\orders\domain\entities\order.dart
DA:35,0
DA:51,0
DA:52,0
DA:53,0
DA:54,0
DA:58,0
DA:59,0
DA:60,0
DA:62,0
DA:68,0
DA:69,0
DA:70,0
DA:72,0
DA:74,0
DA:76,0
DA:78,0
DA:80,0
DA:82,0
DA:87,0
DA:101,0
DA:102,0
DA:103,0
DA:104,0
DA:105,0
DA:106,0
DA:107,0
DA:108,0
DA:109,0
DA:110,0
DA:111,0
DA:112,0
DA:113,0
DA:117,0
DA:118,0
DA:119,0
DA:120,0
DA:121,0
DA:122,0
DA:123,0
DA:124,0
DA:125,0
DA:126,0
DA:127,0
DA:128,0
DA:129,0
DA:130,0
LF:46
LH:0
end_of_record
SF:lib\features\orders\domain\usecases\cancel_order_usecase.dart
DA:9,0
DA:11,0
DA:12,0
LF:3
LH:0
end_of_record
SF:lib\features\orders\domain\usecases\get_active_orders_usecase.dart
DA:10,0
DA:12,0
DA:13,0
LF:3
LH:0
end_of_record
SF:lib\features\orders\domain\usecases\get_order_history_usecase.dart
DA:10,0
DA:12,0
DA:13,0
LF:3
LH:0
end_of_record
SF:lib\features\orders\domain\usecases\get_user_orders_usecase.dart
DA:10,0
DA:12,0
DA:13,0
LF:3
LH:0
end_of_record
SF:lib\features\orders\presentation\bloc\orders_bloc.dart
DA:16,0
DA:21,0
DA:22,0
DA:23,0
DA:24,0
DA:25,0
DA:26,0
DA:29,0
DA:33,0
DA:35,0
DA:37,0
DA:38,0
DA:39,0
DA:40,0
DA:41,0
DA:43,0
DA:52,0
DA:57,0
DA:59,0
DA:60,0
DA:61,0
DA:62,0
DA:63,0
DA:65,0
DA:74,0
DA:78,0
DA:80,0
DA:82,0
DA:83,0
DA:84,0
DA:85,0
DA:94,0
DA:98,0
DA:100,0
DA:102,0
DA:103,0
DA:104,0
DA:105,0
DA:114,0
DA:118,0
DA:120,0
DA:121,0
DA:122,0
DA:123,0
DA:125,0
LF:45
LH:0
end_of_record
SF:lib\features\orders\presentation\bloc\orders_event.dart
DA:5,2
DA:7,0
DA:8,0
DA:13,2
DA:18,0
DA:23,0
DA:28,0
DA:35,0
DA:37,0
DA:38,0
LF:10
LH:2
end_of_record
SF:lib\features\orders\presentation\bloc\orders_state.dart
DA:6,2
DA:8,0
DA:9,0
DA:14,2
DA:19,2
DA:28,0
DA:34,0
DA:35,0
DA:42,0
DA:44,0
DA:45,0
DA:52,0
DA:54,0
DA:55,0
LF:14
LH:3
end_of_record
SF:lib\features\orders\data\models\order_model.dart
DA:5,0
DA:21,0
DA:22,0
DA:23,0
DA:24,0
DA:25,0
DA:26,0
DA:27,0
DA:28,0
DA:29,0
DA:30,0
DA:32,0
DA:33,0
DA:34,0
DA:36,0
DA:37,0
DA:38,0
DA:39,0
DA:41,0
DA:42,0
DA:44,0
DA:49,0
DA:50,0
DA:51,0
DA:52,0
DA:53,0
DA:54,0
DA:55,0
DA:56,0
DA:57,0
DA:58,0
DA:59,0
DA:60,0
DA:61,0
DA:62,0
DA:67,0
DA:68,0
DA:69,0
DA:70,0
DA:71,0
DA:72,0
DA:73,0
DA:74,0
DA:75,0
DA:76,0
DA:77,0
DA:78,0
DA:79,0
DA:80,0
DA:85,0
DA:100,0
DA:101,0
DA:102,0
DA:103,0
DA:104,0
DA:105,0
DA:106,0
DA:107,0
DA:108,0
DA:109,0
DA:110,0
DA:111,0
DA:112,0
LF:63
LH:0
end_of_record
SF:lib\features\orders\data\datasources\order_remote_datasource_impl.dart
DA:11,0
DA:14,0
DA:17,0
DA:20,0
DA:22,0
DA:24,0
DA:25,0
DA:26,0
DA:32,0
DA:38,0
DA:41,0
DA:44,0
DA:49,0
DA:52,0
DA:55,0
DA:57,0
DA:60,0
DA:64,0
DA:66,0
DA:72,0
DA:77,0
DA:83,0
DA:89,0
DA:95,0
DA:99,0
DA:101,0
DA:107,0
DA:111,0
DA:113,0
DA:119,0
DA:123,0
LF:31
LH:0
end_of_record
SF:lib\features\notifications\domain\entities\notification_data.dart
DA:5,2
DA:22,0
DA:36,0
DA:37,0
DA:38,0
DA:39,0
DA:40,0
DA:41,0
DA:42,0
DA:43,0
DA:44,0
DA:45,0
DA:46,0
DA:47,0
DA:48,0
DA:58,0
DA:64,0
DA:65,0
DA:70,2
DA:72,0
DA:73,0
DA:82,0
DA:88,0
DA:89,0
DA:104,0
DA:116,0
DA:117,0
DA:118,0
DA:119,0
DA:120,0
DA:121,0
DA:122,0
DA:123,0
DA:124,0
DA:125,0
DA:126,0
LF:36
LH:2
end_of_record
SF:lib\features\notifications\data\models\notification_data_converter.dart
DA:7,0
DA:11,0
DA:12,0
DA:13,0
DA:14,0
DA:15,0
DA:16,0
DA:17,0
DA:18,0
DA:19,0
DA:20,0
DA:22,0
DA:23,0
DA:24,0
DA:25,0
DA:27,0
DA:28,0
DA:29,0
DA:30,0
DA:31,0
DA:33,0
DA:34,0
DA:35,0
DA:36,0
DA:37,0
DA:38,0
DA:46,0
DA:49,0
DA:50,0
DA:51,0
DA:52,0
DA:53,0
DA:54,0
DA:55,0
DA:56,0
DA:57,0
DA:58,0
DA:59,0
DA:60,0
DA:61,0
DA:63,0
DA:64,0
DA:65,0
DA:66,0
DA:67,0
DA:69,0
DA:70,0
DA:71,0
DA:72,0
DA:73,0
DA:75,0
DA:76,0
LF:52
LH:0
end_of_record
SF:lib\features\notifications\domain\entities\notification.dart
DA:14,0
DA:24,0
DA:25,0
DA:27,0
DA:36,0
DA:37,0
DA:38,0
DA:39,0
DA:40,0
DA:41,0
DA:42,0
DA:43,0
DA:51,0
DA:53,0
DA:61,0
DA:63,0
DA:73,0
DA:74,0
DA:75,0
DA:76,0
DA:77,0
DA:78,0
DA:79,0
DA:80,0
LF:24
LH:0
end_of_record
SF:lib\features\notifications\data\models\notification_model.dart
DA:6,0
DA:16,0
DA:17,0
DA:18,0
DA:19,0
DA:22,0
DA:23,0
DA:24,0
DA:25,0
DA:26,0
DA:28,0
DA:29,0
DA:30,0
DA:36,0
DA:37,0
DA:38,0
DA:39,0
DA:40,0
DA:41,0
DA:42,0
DA:43,0
DA:44,0
DA:48,0
DA:58,0
DA:59,0
DA:60,0
DA:61,0
DA:62,0
DA:63,0
DA:64,0
DA:65,0
DA:71,0
DA:72,0
DA:74,0
DA:82,0
DA:84,0
DA:85,0
DA:86,0
DA:87,0
DA:90,0
DA:91,0
DA:92,0
DA:93,0
DA:94,0
DA:96,0
DA:97,0
DA:98,0
DA:104,0
DA:106,0
DA:107,0
DA:108,0
DA:109,0
DA:110,0
DA:111,0
DA:112,0
DA:113,0
DA:117,0
DA:127,0
DA:128,0
DA:129,0
DA:130,0
DA:131,0
DA:132,0
DA:133,0
DA:134,0
LF:65
LH:0
end_of_record
SF:lib\features\notifications\data\datasources\notifications_remote_datasource_impl.dart
DA:11,0
DA:13,0
DA:16,0
DA:17,0
DA:19,0
DA:21,0
DA:22,0
DA:24,0
DA:25,0
DA:28,0
DA:29,0
DA:33,0
DA:36,0
DA:37,0
DA:40,0
DA:45,0
DA:48,0
DA:51,0
DA:55,0
DA:58,0
DA:61,0
DA:65,0
DA:68,0
DA:71,0
DA:75,0
DA:78,0
DA:81,0
DA:85,0
DA:88,0
DA:93,0
DA:98,0
DA:99,0
DA:101,0
DA:102,0
DA:106,0
DA:109,0
DA:116,0
DA:122,0
DA:126,0
DA:129,0
DA:137,0
DA:143,0
DA:147,0
DA:151,0
DA:155,0
DA:159,0
DA:163,0
LF:47
LH:0
end_of_record
SF:lib\features\notifications\data\datasources\notifications_local_datasource.dart
DA:26,0
DA:28,0
DA:30,0
DA:32,0
DA:33,0
DA:35,0
DA:36,0
DA:38,0
DA:39,0
DA:41,0
DA:44,0
DA:46,0
DA:47,0
DA:50,0
DA:52,0
DA:53,0
DA:54,0
DA:55,0
DA:58,0
DA:59,0
DA:62,0
DA:64,0
DA:65,0
DA:66,0
DA:69,0
DA:71,0
LF:26
LH:0
end_of_record
SF:lib\features\books\domain\entities\book.dart
DA:23,0
DA:41,0
DA:42,0
DA:43,0
DA:44,0
DA:45,0
DA:48,0
DA:49,0
DA:50,0
DA:53,0
DA:54,0
DA:55,0
DA:58,0
DA:59,0
DA:62,0
DA:63,0
DA:64,0
DA:67,0
DA:68,0
DA:69,0
DA:72,0
DA:88,0
DA:89,0
DA:90,0
DA:91,0
DA:92,0
DA:93,0
DA:94,0
DA:95,0
DA:96,0
DA:97,0
DA:98,0
DA:99,0
DA:100,0
DA:101,0
DA:102,0
DA:106,0
DA:107,0
DA:108,0
DA:109,0
DA:110,0
DA:111,0
DA:112,0
DA:113,0
DA:114,0
DA:115,0
DA:116,0
DA:117,0
DA:118,0
DA:119,0
DA:120,0
DA:121,0
LF:52
LH:0
end_of_record
SF:lib\features\library\domain\usecases\get_borrowed_books_usecase.dart
DA:10,0
DA:12,0
DA:16,0
DA:24,0
DA:26,0
DA:27,0
LF:6
LH:0
end_of_record
SF:lib\features\library\domain\usecases\get_uploaded_books_usecase.dart
DA:10,0
DA:12,0
DA:16,0
DA:24,0
DA:26,0
DA:27,0
LF:6
LH:0
end_of_record
SF:lib\features\library\presentation\bloc\library_bloc.dart
DA:13,0
DA:16,0
DA:17,0
DA:18,0
DA:19,0
DA:22,0
DA:26,0
DA:27,0
DA:30,0
DA:32,0
DA:33,0
DA:34,0
DA:35,0
DA:38,0
DA:39,0
DA:40,0
DA:41,0
DA:44,0
DA:53,0
DA:57,0
DA:58,0
DA:61,0
DA:63,0
DA:64,0
DA:65,0
DA:66,0
DA:69,0
DA:70,0
DA:71,0
DA:72,0
DA:75,0
DA:84,0
DA:88,0
DA:89,0
DA:90,0
DA:92,0
DA:96,0
DA:97,0
DA:99,0
DA:100,0
DA:102,0
DA:103,0
DA:104,0
DA:105,0
DA:107,0
DA:109,0
LF:46
LH:0
end_of_record
SF:lib\features\library\presentation\bloc\library_event.dart
DA:5,0
DA:7,0
DA:8,0
DA:13,0
DA:18,0
DA:23,0
LF:6
LH:0
end_of_record
SF:lib\features\library\presentation\bloc\library_state.dart
DA:6,0
DA:8,0
DA:9,0
DA:24,0
DA:30,0
DA:35,0
DA:36,0
DA:37,0
DA:38,0
DA:42,0
DA:43,0
DA:50,0
DA:52,0
DA:53,0
LF:14
LH:0
end_of_record
SF:lib\features\books\data\models\book_model.dart
DA:8,0
DA:25,0
DA:27,0
DA:28,0
DA:29,0
DA:30,0
DA:31,0
DA:33,0
DA:34,0
DA:35,0
DA:37,0
DA:38,0
DA:40,0
DA:41,0
DA:43,0
DA:44,0
DA:46,0
DA:47,0
DA:52,0
DA:53,0
DA:54,0
DA:55,0
DA:56,0
DA:60,0
DA:61,0
DA:62,0
DA:63,0
DA:64,0
DA:65,0
DA:66,0
DA:67,0
DA:68,0
DA:69,0
DA:70,0
DA:73,0
DA:74,0
DA:75,0
DA:76,0
DA:77,0
DA:78,0
DA:79,0
DA:80,0
DA:84,0
DA:85,0
DA:86,0
DA:87,0
DA:88,0
DA:89,0
DA:90,0
DA:91,0
DA:92,0
DA:93,0
DA:98,0
DA:99,0
DA:100,0
DA:102,0
DA:103,0
DA:105,0
DA:107,0
DA:108,0
DA:115,0
DA:116,0
DA:117,0
DA:118,0
DA:119,0
DA:120,0
DA:121,0
DA:122,0
DA:123,0
DA:124,0
DA:125,0
DA:126,0
DA:127,0
DA:128,0
DA:129,0
DA:130,0
DA:132,0
DA:133,0
DA:134,0
DA:135,0
DA:137,0
DA:138,0
DA:139,0
DA:140,0
DA:141,0
DA:142,0
DA:143,0
DA:144,0
DA:146,0
DA:147,0
DA:148,0
DA:149,0
DA:150,0
DA:151,0
DA:155,0
DA:156,0
DA:157,0
DA:158,0
DA:159,0
DA:160,0
DA:161,0
DA:162,0
DA:163,0
DA:164,0
DA:165,0
DA:166,0
DA:167,0
DA:168,0
DA:169,0
DA:170,0
LF:110
LH:0
end_of_record
SF:lib\features\library\data\datasources\library_remote_datasource_impl.dart
DA:13,0
DA:15,0
DA:18,0
DA:25,0
DA:28,0
DA:31,0
DA:38,0
DA:41,0
DA:43,0
DA:44,0
DA:47,0
DA:48,0
DA:50,0
DA:51,0
DA:54,0
DA:56,0
DA:60,0
DA:62,0
DA:63,0
DA:66,0
DA:67,0
DA:69,0
DA:70,0
DA:73,0
DA:75,0
DA:81,0
DA:82,0
DA:86,0
DA:114,0
DA:115,0
DA:117,0
DA:121,0
DA:149,0
DA:150,0
DA:152,0
DA:156,0
DA:184,0
DA:185,0
DA:187,0
DA:191,0
DA:219,0
DA:220,0
DA:222,0
DA:226,0
DA:254,0
DA:255,0
DA:257,0
DA:261,0
DA:289,0
DA:290,0
DA:295,0
DA:296,0
DA:300,0
DA:328,0
DA:329,0
DA:331,0
DA:335,0
DA:363,0
DA:364,0
DA:366,0
DA:370,0
DA:398,0
DA:399,0
DA:401,0
DA:405,0
DA:433,0
DA:434,0
DA:436,0
DA:440,0
DA:468,0
DA:469,0
DA:471,0
DA:475,0
DA:503,0
DA:504,0
DA:506,0
DA:510,0
DA:538,0
DA:539,0
LF:79
LH:0
end_of_record
SF:lib\features\books\domain\value_objects\book_availability.dart
DA:9,8
DA:16,0
DA:19,0
DA:22,0
DA:25,0
DA:28,0
DA:29,0
DA:30,0
DA:31,0
DA:32,0
DA:36,0
DA:41,0
DA:42,0
DA:43,0
DA:44,0
DA:48,0
DA:49,0
DA:50,0
DA:51,0
DA:52,0
LF:20
LH:1
end_of_record
SF:lib\features\books\domain\value_objects\book_metadata.dart
DA:14,6
DA:25,0
DA:28,0
DA:31,0
DA:33,0
DA:42,0
DA:43,0
DA:44,0
DA:45,0
DA:46,0
DA:47,0
DA:48,0
DA:49,0
DA:53,0
DA:54,0
DA:55,0
DA:56,0
DA:57,0
DA:58,0
DA:59,0
DA:60,0
DA:61,0
LF:22
LH:1
end_of_record
SF:lib\features\books\domain\value_objects\book_pricing.dart
DA:14,8
DA:26,0
DA:29,0
DA:32,0
DA:33,0
DA:36,0
DA:37,0
DA:40,0
DA:41,0
DA:42,0
DA:46,0
DA:47,0
DA:48,0
DA:52,0
DA:53,0
DA:54,0
DA:55,0
DA:59,0
DA:69,0
DA:70,0
DA:71,0
DA:72,0
DA:73,0
DA:74,0
DA:75,0
DA:76,0
DA:77,0
DA:81,0
DA:82,0
DA:83,0
DA:84,0
DA:85,0
DA:86,0
DA:87,0
DA:88,0
DA:89,0
DA:90,0
LF:37
LH:1
end_of_record
SF:lib\features\home\domain\usecases\get_books_usecase.dart
DA:11,0
DA:16,0
DA:19,0
DA:21,0
DA:22,0
DA:23,0
DA:25,0
DA:27,0
DA:28,0
DA:30,0
DA:32,0
DA:34,0
DA:35,0
DA:36,0
DA:38,0
DA:44,0
LF:16
LH:0
end_of_record
SF:lib\features\home\domain\usecases\search_books_usecase.dart
DA:11,0
DA:16,0
DA:19,0
DA:21,0
DA:22,0
DA:23,0
DA:25,0
DA:27,0
DA:28,0
DA:30,0
DA:32,0
DA:34,0
DA:35,0
DA:36,0
DA:38,0
DA:44,0
DA:49,0
DA:55,0
LF:18
LH:0
end_of_record
SF:lib\features\home\presentation\bloc\home_bloc.dart
DA:15,0
DA:19,0
DA:20,0
DA:21,0
DA:22,0
DA:23,0
DA:24,0
DA:25,0
DA:28,0
DA:29,0
DA:30,0
DA:32,0
DA:33,0
DA:36,0
DA:38,0
DA:42,0
DA:43,0
DA:44,0
DA:45,0
DA:48,0
DA:50,0
DA:52,0
DA:53,0
DA:55,0
DA:57,0
DA:59,0
DA:60,0
DA:63,0
DA:64,0
DA:65,0
DA:72,0
DA:73,0
DA:74,0
DA:78,0
DA:79,0
DA:80,0
DA:82,0
DA:84,0
DA:87,0
DA:93,0
DA:95,0
DA:100,0
DA:101,0
DA:102,0
DA:103,0
DA:105,0
DA:107,0
DA:108,0
DA:109,0
DA:113,0
DA:115,0
DA:117,0
DA:122,0
DA:123,0
DA:124,0
DA:125,0
DA:127,0
DA:129,0
DA:132,0
DA:135,0
DA:137,0
DA:142,0
DA:143,0
DA:145,0
DA:148,0
DA:151,0
DA:153,0
DA:158,0
DA:159,0
DA:163,0
DA:164,0
LF:71
LH:0
end_of_record
SF:lib\core\presentation\base_bloc.dart
DA:8,2
DA:13,0
DA:14,0
DA:21,0
DA:23,0
DA:24,0
DA:30,0
DA:35,0
DA:36,0
DA:37,0
DA:42,0
DA:48,0
DA:49,0
DA:50,0
DA:55,0
DA:62,0
DA:63,0
DA:64,0
DA:72,0
DA:74,0
DA:75,0
LF:21
LH:1
end_of_record
SF:lib\features\favorites\domain\usecases\toggle_favorite_usecase.dart
DA:15,0
DA:21,0
DA:24,0
DA:29,0
DA:31,0
DA:34,0
DA:35,0
DA:36,0
DA:38,0
DA:40,0
DA:41,0
DA:42,0
DA:44,0
DA:48,0
DA:54,0
LF:15
LH:0
end_of_record
SF:lib\features\home\presentation\bloc\home_event.dart
DA:4,0
DA:6,0
DA:7,0
DA:17,0
DA:19,0
DA:20,0
DA:26,0
DA:28,0
DA:29,0
LF:9
LH:0
end_of_record
SF:lib\features\home\presentation\bloc\home_state.dart
DA:5,0
DA:9,0
DA:10,0
DA:14,0
DA:15,0
DA:25,0
DA:32,0
DA:34,0
DA:36,0
DA:37,0
DA:39,0
DA:41,0
DA:43,0
DA:44,0
DA:45,0
DA:46,0
DA:47,0
DA:51,0
DA:59,0
DA:60,0
DA:61,0
DA:62,0
DA:63,0
DA:64,0
DA:65,0
DA:71,0
DA:75,0
DA:77,0
DA:79,0
DA:84,0
DA:86,0
DA:88,0
LF:32
LH:0
end_of_record
SF:lib\features\home\data\datasources\book_remote_datasource.dart
DA:17,0
DA:19,0
DA:22,0
DA:25,0
DA:26,0
DA:33,0
DA:34,0
DA:35,0
DA:37,0
DA:38,0
DA:41,0
DA:43,0
DA:47,0
DA:49,0
DA:56,0
DA:57,0
DA:58,0
DA:59,0
DA:62,0
DA:64,0
DA:72,0
DA:79,0
DA:80,0
DA:84,0
DA:117,0
DA:118,0
DA:120,0
DA:124,0
DA:154,0
DA:155,0
DA:157,0
DA:161,0
DA:194,0
DA:195,0
DA:197,0
DA:201,0
DA:230,0
DA:231,0
DA:233,0
DA:237,0
DA:269,0
DA:270,0
DA:272,0
DA:276,0
DA:304,0
DA:305,0
DA:307,0
DA:311,0
DA:341,0
DA:342,0
LF:50
LH:0
end_of_record
SF:lib\features\favorites\domain\usecases\get_favorite_books_usecase.dart
DA:12,0
DA:17,0
DA:20,0
DA:22,0
DA:23,0
DA:24,0
DA:25,0
DA:30,0
DA:31,0
DA:33,0
DA:37,0
DA:39,0
DA:43,0
DA:45,0
DA:46,0
DA:48,0
DA:49,0
DA:52,0
DA:55,0
DA:61,0
DA:65,0
LF:21
LH:0
end_of_record
SF:lib\features\favorites\presentation\bloc\favorites_bloc.dart
DA:14,0
DA:17,0
DA:18,0
DA:19,0
DA:20,0
DA:21,0
DA:24,0
DA:28,0
DA:29,0
DA:31,0
DA:32,0
DA:35,0
DA:37,0
DA:41,0
DA:45,0
DA:46,0
DA:47,0
DA:48,0
DA:49,0
DA:52,0
DA:54,0
DA:56,0
DA:57,0
DA:59,0
DA:61,0
DA:63,0
DA:64,0
DA:65,0
DA:68,0
DA:76,0
DA:80,0
DA:81,0
DA:83,0
DA:84,0
DA:87,0
DA:89,0
DA:93,0
DA:97,0
DA:98,0
DA:99,0
DA:101,0
DA:104,0
DA:106,0
DA:107,0
DA:111,0
DA:114,0
DA:115,0
DA:116,0
DA:119,0
DA:120,0
LF:50
LH:0
end_of_record
SF:lib\features\favorites\presentation\bloc\favorites_event.dart
DA:4,0
DA:6,0
DA:7,0
DA:19,0
DA:21,0
DA:22,0
LF:6
LH:0
end_of_record
SF:lib\features\favorites\presentation\bloc\favorites_state.dart
DA:5,0
DA:9,0
DA:10,0
DA:14,0
DA:15,0
DA:23,0
DA:28,0
DA:30,0
DA:32,0
DA:33,0
DA:35,0
DA:37,0
DA:39,0
DA:40,0
DA:41,0
DA:45,0
DA:51,0
DA:52,0
DA:53,0
DA:54,0
DA:55,0
DA:61,0
DA:65,0
DA:67,0
DA:69,0
LF:25
LH:0
end_of_record
SF:lib\features\favorites\data\datasources\favorites_remote_datasource.dart
DA:14,0
DA:16,0
DA:18,0
DA:26,0
DA:29,0
DA:31,0
DA:37,0
DA:38,0
DA:42,0
DA:44,0
DA:50,0
DA:53,0
DA:55,0
DA:58,0
DA:67,0
DA:70,0
DA:72,0
DA:86,0
DA:87,0
DA:90,0
DA:91,0
DA:97,0
LF:22
LH:0
end_of_record
SF:lib\features\favorites\data\datasources\favorites_local_datasource.dart
DA:22,0
DA:24,0
DA:26,0
DA:30,0
DA:32,0
DA:33,0
DA:36,0
DA:38,0
DA:39,0
DA:42,0
DA:44,0
DA:45,0
DA:46,0
DA:47,0
DA:51,0
DA:53,0
DA:54,0
DA:55,0
DA:56,0
DA:60,0
DA:62,0
DA:65,0
DA:66,0
DA:68,0
DA:71,0
DA:73,0
DA:74,0
DA:77,0
DA:79,0
DA:81,0
LF:30
LH:0
end_of_record
SF:lib\features\cart\presentation\bloc\cart_notification_bloc.dart
DA:15,0
DA:19,0
DA:20,0
DA:21,0
DA:22,0
DA:25,0
DA:29,0
DA:31,0
DA:32,0
DA:34,0
DA:35,0
DA:36,0
DA:37,0
DA:38,0
DA:39,0
DA:42,0
DA:50,0
DA:54,0
DA:55,0
DA:56,0
DA:58,0
DA:59,0
DA:60,0
DA:61,0
DA:63,0
DA:65,0
DA:66,0
DA:67,0
DA:70,0
DA:72,0
DA:73,0
DA:76,0
DA:85,0
DA:89,0
LF:34
LH:0
end_of_record
SF:lib\features\cart\domain\usecases\get_cart_notifications_usecase.dart
DA:9,0
DA:11,0
DA:12,0
LF:3
LH:0
end_of_record
SF:lib\features\cart\domain\usecases\get_unread_notifications_count_usecase.dart
DA:8,0
DA:10,0
DA:11,0
LF:3
LH:0
end_of_record
SF:lib\features\cart\domain\usecases\mark_notification_as_read_usecase.dart
DA:8,0
DA:10,0
DA:11,0
LF:3
LH:0
end_of_record
SF:lib\features\cart\presentation\bloc\cart_notification_event.dart
DA:4,0
DA:6,0
DA:7,0
DA:15,0
DA:17,0
DA:18,0
LF:6
LH:0
end_of_record
SF:lib\features\cart\presentation\bloc\cart_notification_state.dart
DA:5,0
DA:9,0
DA:10,0
DA:14,0
DA:15,0
DA:21,0
DA:24,0
DA:26,0
DA:28,0
DA:29,0
DA:31,0
DA:33,0
DA:35,0
DA:39,0
DA:43,0
DA:44,0
DA:45,0
DA:51,0
LF:18
LH:0
end_of_record
SF:lib\features\cart\domain\entities\cart_notification.dart
DA:26,0
DA:42,0
DA:43,0
DA:44,0
DA:45,0
DA:46,0
DA:48,0
DA:63,0
DA:64,0
DA:65,0
DA:66,0
DA:67,0
DA:68,0
DA:69,0
DA:70,0
DA:71,0
DA:72,0
DA:73,0
DA:74,0
DA:75,0
DA:76,0
DA:80,0
DA:81,0
DA:82,0
DA:83,0
DA:84,0
DA:85,0
DA:86,0
DA:87,0
DA:88,0
DA:89,0
DA:90,0
DA:91,0
DA:92,0
DA:93,0
DA:94,0
LF:36
LH:0
end_of_record
SF:lib\features\cart\presentation\bloc\cart_bloc.dart
DA:27,0
DA:37,0
DA:38,0
DA:39,0
DA:40,0
DA:41,0
DA:42,0
DA:43,0
DA:44,0
DA:45,0
DA:46,0
DA:49,0
DA:50,0
DA:52,0
DA:53,0
DA:54,0
DA:56,0
DA:57,0
DA:58,0
DA:59,0
DA:60,0
DA:61,0
DA:63,0
DA:64,0
DA:65,0
DA:68,0
DA:77,0
DA:78,0
DA:79,0
DA:80,0
DA:82,0
DA:83,0
DA:84,0
DA:85,0
DA:88,0
DA:89,0
DA:90,0
DA:91,0
DA:92,0
DA:94,0
DA:95,0
DA:101,0
DA:102,0
DA:103,0
DA:104,0
DA:106,0
DA:108,0
DA:109,0
DA:110,0
DA:111,0
DA:112,0
DA:114,0
DA:115,0
DA:121,0
DA:122,0
DA:123,0
DA:124,0
DA:126,0
DA:127,0
DA:128,0
DA:131,0
DA:132,0
DA:133,0
DA:134,0
DA:135,0
DA:137,0
DA:138,0
DA:139,0
DA:140,0
DA:146,0
DA:147,0
DA:148,0
DA:149,0
DA:151,0
DA:153,0
DA:154,0
DA:155,0
DA:156,0
DA:157,0
DA:159,0
DA:160,0
DA:161,0
DA:162,0
DA:168,0
DA:169,0
DA:170,0
DA:171,0
DA:173,0
DA:175,0
DA:176,0
DA:177,0
DA:178,0
DA:179,0
DA:181,0
DA:182,0
DA:183,0
DA:184,0
DA:190,0
DA:191,0
DA:192,0
DA:193,0
DA:195,0
DA:197,0
DA:198,0
DA:199,0
DA:200,0
DA:201,0
DA:203,0
DA:204,0
DA:205,0
DA:206,0
DA:212,0
DA:213,0
DA:214,0
DA:215,0
DA:217,0
DA:218,0
DA:219,0
DA:220,0
DA:226,0
DA:227,0
DA:228,0
DA:229,0
DA:230,0
DA:232,0
LF:125
LH:0
end_of_record
SF:lib\features\cart\domain\usecases\accept_request_usecase.dart
DA:8,0
DA:10,0
DA:11,0
LF:3
LH:0
end_of_record
SF:lib\features\cart\domain\usecases\add_to_cart_usecase.dart
DA:11,0
DA:21,0
DA:23,0
DA:24,0
DA:25,0
DA:26,0
DA:27,0
LF:7
LH:0
end_of_record
SF:lib\features\cart\domain\usecases\get_cart_items_usecase.dart
DA:9,0
DA:11,0
DA:12,0
LF:3
LH:0
end_of_record
SF:lib\features\cart\domain\usecases\get_cart_total_usecase.dart
DA:8,0
DA:10,0
DA:11,0
LF:3
LH:0
end_of_record
SF:lib\features\cart\domain\usecases\get_received_requests_usecase.dart
DA:9,0
DA:11,0
DA:12,0
LF:3
LH:0
end_of_record
SF:lib\features\cart\domain\usecases\reject_request_usecase.dart
DA:8,0
DA:10,0
DA:11,0
LF:3
LH:0
end_of_record
SF:lib\features\cart\domain\usecases\remove_from_cart_usecase.dart
DA:8,0
DA:10,0
DA:11,0
LF:3
LH:0
end_of_record
SF:lib\features\cart\domain\usecases\send_purchase_request_usecase.dart
DA:9,0
DA:11,0
DA:12,0
LF:3
LH:0
end_of_record
SF:lib\features\cart\domain\usecases\send_rental_request_usecase.dart
DA:10,0
DA:19,0
DA:21,0
DA:22,0
DA:23,0
DA:24,0
LF:6
LH:0
end_of_record
SF:lib\features\cart\presentation\bloc\cart_event.dart
DA:5,0
DA:7,0
DA:8,0
DA:18,0
DA:24,0
DA:25,0
DA:31,0
DA:33,0
DA:34,0
DA:41,0
DA:46,0
DA:47,0
DA:53,0
DA:55,0
DA:56,0
DA:62,0
DA:64,0
DA:65,0
DA:71,0
DA:73,0
DA:74,0
LF:21
LH:0
end_of_record
SF:lib\features\cart\presentation\bloc\cart_state.dart
DA:6,2
DA:10,0
DA:11,0
DA:15,0
DA:16,0
DA:24,0
DA:29,0
DA:31,0
DA:33,0
DA:34,0
DA:36,0
DA:38,0
DA:40,0
DA:41,0
DA:42,0
DA:46,0
DA:52,0
DA:53,0
DA:54,0
DA:55,0
DA:56,0
DA:62,0
DA:68,2
DA:70,0
DA:71,0
DA:75,0
DA:77,0
DA:79,0
LF:28
LH:2
end_of_record
SF:lib\features\cart\data\repositories\cart_repository_impl.dart
DA:14,0
DA:19,0
DA:22,0
DA:23,0
DA:24,0
DA:25,0
DA:27,0
DA:28,0
DA:29,0
DA:32,0
DA:34,0
DA:38,0
DA:45,0
DA:50,0
DA:51,0
DA:52,0
DA:54,0
DA:58,0
DA:61,0
DA:63,0
DA:64,0
DA:66,0
DA:70,0
DA:76,0
DA:80,0
DA:81,0
DA:82,0
DA:84,0
DA:88,0
DA:93,0
DA:96,0
DA:97,0
DA:98,0
DA:100,0
DA:104,0
DA:107,0
DA:108,0
DA:109,0
DA:110,0
DA:112,0
DA:116,0
DA:119,0
DA:120,0
DA:121,0
DA:122,0
DA:124,0
DA:128,0
DA:131,0
DA:133,0
DA:134,0
DA:136,0
DA:140,0
DA:143,0
DA:145,0
DA:146,0
DA:148,0
DA:152,0
DA:155,0
DA:157,0
DA:158,0
DA:160,0
DA:164,0
DA:167,0
DA:168,0
DA:170,0
DA:171,0
DA:173,0
DA:177,0
DA:180,0
DA:181,0
DA:182,0
DA:183,0
DA:185,0
LF:73
LH:0
end_of_record
SF:lib\core\error\exceptions.dart
DA:3,0
DA:8,0
DA:13,0
DA:18,0
LF:4
LH:0
end_of_record
SF:lib\features\cart\data\datasources\cart_local_datasource.dart
DA:15,0
DA:17,0
DA:19,0
DA:21,0
DA:23,0
DA:24,0
DA:26,0
DA:29,0
DA:31,0
DA:32,0
DA:35,0
DA:37,0
LF:12
LH:0
end_of_record
SF:lib\features\cart\data\repositories\cart_notification_repository_impl.dart
DA:13,0
DA:18,0
DA:21,0
DA:22,0
DA:23,0
DA:24,0
DA:26,0
DA:27,0
DA:28,0
DA:31,0
DA:33,0
DA:37,0
DA:40,0
DA:41,0
DA:42,0
DA:43,0
DA:45,0
DA:46,0
DA:48,0
DA:50,0
DA:54,0
DA:57,0
DA:59,0
DA:60,0
DA:62,0
DA:66,0
DA:69,0
DA:71,0
DA:72,0
DA:74,0
DA:78,0
DA:81,0
DA:83,0
DA:84,0
DA:86,0
DA:90,0
DA:92,0
LF:37
LH:0
end_of_record
SF:lib\features\cart\data\datasources\cart_notification_local_datasource.dart
DA:18,0
DA:20,0
DA:22,0
DA:24,0
DA:26,0
DA:27,0
DA:29,0
DA:32,0
DA:34,0
DA:35,0
DA:38,0
DA:40,0
DA:43,0
DA:45,0
DA:48,0
DA:50,0
DA:51,0
LF:17
LH:0
end_of_record
SF:lib\features\cart\data\models\cart_item_model.dart
DA:5,0
DA:14,0
DA:15,0
DA:16,0
DA:17,0
DA:18,0
DA:19,0
DA:20,0
DA:21,0
DA:25,0
DA:26,0
DA:27,0
DA:28,0
DA:29,0
DA:30,0
DA:31,0
DA:32,0
DA:36,0
DA:37,0
DA:38,0
DA:39,0
DA:40,0
DA:41,0
DA:42,0
DA:43,0
DA:47,0
DA:48,0
DA:49,0
DA:50,0
DA:52,0
DA:53,0
DA:60,0
DA:62,0
DA:64,0
LF:34
LH:0
end_of_record
SF:lib\features\cart\data\models\cart_request_model.dart
DA:5,0
DA:21,0
DA:22,0
DA:23,0
DA:24,0
DA:25,0
DA:26,0
DA:27,0
DA:28,0
DA:29,0
DA:30,0
DA:31,0
DA:32,0
DA:33,0
DA:34,0
DA:35,0
DA:36,0
DA:41,0
DA:42,0
DA:43,0
DA:44,0
DA:45,0
DA:46,0
DA:47,0
DA:48,0
DA:49,0
DA:50,0
DA:51,0
DA:52,0
DA:53,0
DA:54,0
DA:55,0
DA:59,0
DA:60,0
DA:61,0
DA:62,0
DA:63,0
DA:64,0
DA:65,0
DA:66,0
DA:67,0
DA:68,0
DA:69,0
DA:70,0
DA:71,0
DA:72,0
DA:73,0
DA:77,0
DA:78,0
DA:79,0
DA:80,0
DA:82,0
DA:83,0
DA:90,0
DA:92,0
DA:94,0
DA:99,0
DA:100,0
DA:101,0
DA:103,0
DA:105,0
DA:107,0
DA:114,0
DA:116,0
DA:118,0
DA:120,0
DA:122,0
LF:67
LH:0
end_of_record
SF:lib\features\cart\data\datasources\cart_remote_datasource_impl.dart
DA:12,0
DA:14,0
DA:17,0
DA:19,0
DA:20,0
DA:21,0
DA:23,0
DA:25,0
DA:26,0
DA:28,0
DA:32,0
DA:39,0
DA:41,0
DA:43,0
DA:48,0
DA:49,0
DA:51,0
DA:53,0
DA:54,0
DA:56,0
DA:60,0
DA:63,0
DA:65,0
DA:66,0
DA:68,0
DA:69,0
DA:71,0
DA:75,0
DA:81,0
DA:83,0
DA:89,0
DA:90,0
DA:92,0
DA:94,0
DA:95,0
DA:97,0
DA:101,0
DA:106,0
DA:108,0
DA:113,0
DA:114,0
DA:116,0
DA:118,0
DA:119,0
DA:121,0
DA:125,0
DA:128,0
DA:130,0
DA:131,0
DA:132,0
DA:134,0
DA:136,0
DA:137,0
DA:139,0
DA:143,0
DA:146,0
DA:148,0
DA:149,0
DA:150,0
DA:152,0
DA:154,0
DA:155,0
DA:157,0
DA:161,0
DA:164,0
DA:166,0
DA:167,0
DA:169,0
DA:170,0
DA:172,0
DA:176,0
DA:179,0
DA:180,0
DA:181,0
DA:184,0
DA:185,0
DA:187,0
DA:188,0
DA:190,0
DA:194,0
DA:197,0
DA:199,0
DA:200,0
DA:202,0
DA:203,0
DA:205,0
DA:209,0
DA:212,0
DA:214,0
DA:215,0
DA:217,0
DA:218,0
DA:220,0
DA:224,0
DA:227,0
DA:229,0
DA:230,0
DA:232,0
DA:234,0
DA:235,0
DA:237,0
LF:101
LH:0
end_of_record
SF:lib\features\cart\data\models\cart_notification_model.dart
DA:5,0
DA:21,0
DA:22,0
DA:23,0
DA:24,0
DA:25,0
DA:26,0
DA:27,0
DA:28,0
DA:29,0
DA:30,0
DA:31,0
DA:32,0
DA:33,0
DA:34,0
DA:35,0
DA:39,0
DA:40,0
DA:41,0
DA:42,0
DA:43,0
DA:44,0
DA:45,0
DA:46,0
DA:47,0
DA:48,0
DA:49,0
DA:50,0
DA:51,0
DA:52,0
DA:53,0
DA:57,0
DA:58,0
DA:59,0
DA:60,0
DA:61,0
DA:62,0
DA:63,0
DA:64,0
DA:65,0
DA:66,0
DA:67,0
DA:68,0
DA:69,0
DA:70,0
DA:71,0
DA:75,0
DA:76,0
DA:77,0
DA:79,0
DA:81,0
DA:83,0
DA:90,0
DA:92,0
DA:94,0
DA:96,0
DA:98,0
DA:103,0
DA:104,0
DA:105,0
DA:106,0
DA:108,0
DA:109,0
DA:116,0
DA:118,0
DA:120,0
LF:66
LH:0
end_of_record
SF:lib\features\cart\data\datasources\cart_notification_remote_datasource_impl.dart
DA:13,0
DA:15,0
DA:18,0
DA:20,0
DA:21,0
DA:23,0
DA:24,0
DA:27,0
DA:31,0
DA:33,0
DA:34,0
DA:36,0
DA:40,0
DA:43,0
DA:45,0
DA:46,0
DA:48,0
DA:50,0
DA:51,0
DA:53,0
DA:57,0
DA:60,0
DA:61,0
DA:64,0
DA:65,0
DA:67,0
DA:68,0
DA:70,0
DA:74,0
DA:77,0
DA:81,0
DA:82,0
DA:84,0
DA:85,0
DA:87,0
DA:91,0
DA:94,0
DA:95,0
DA:98,0
DA:99,0
DA:101,0
DA:102,0
DA:104,0
DA:108,0
DA:110,0
DA:113,0
DA:114,0
LF:47
LH:0
end_of_record
SF:lib\features\home\data\datasources\book_local_datasource.dart
DA:22,0
DA:24,0
DA:26,0
DA:28,0
DA:29,0
DA:31,0
DA:35,0
DA:37,0
DA:38,0
DA:40,0
DA:43,0
DA:45,0
DA:48,0
DA:49,0
DA:51,0
DA:54,0
DA:56,0
DA:57,0
DA:60,0
DA:62,0
DA:64,0
LF:21
LH:0
end_of_record
SF:lib\features\book_upload\domain\usecases\get_book_by_isbn_usecase.dart
DA:10,0
DA:12,0
DA:13,0
DA:17,0
LF:4
LH:0
end_of_record
SF:lib\features\book_upload\domain\usecases\get_metadata_usecase.dart
DA:9,0
DA:11,0
DA:12,0
DA:20,0
DA:22,0
DA:23,0
LF:6
LH:0
end_of_record
SF:lib\features\book_upload\domain\usecases\search_books_usecase.dart
DA:10,0
DA:12,0
DA:13,0
DA:17,0
LF:4
LH:0
end_of_record
SF:lib\features\book_upload\domain\usecases\upload_book_usecase.dart
DA:11,0
DA:13,0
DA:15,0
DA:20,0
DA:24,0
DA:25,0
DA:29,0
LF:7
LH:0
end_of_record
SF:lib\features\book_upload\domain\entities\book_upload_form.dart
DA:22,2
DA:41,0
DA:53,0
DA:54,0
DA:55,0
DA:56,0
DA:60,0
DA:61,0
DA:62,0
DA:63,0
DA:64,0
DA:65,0
DA:66,0
DA:70,0
DA:71,0
DA:72,0
DA:73,0
DA:74,0
DA:75,0
DA:76,0
DA:77,0
DA:78,0
DA:79,0
DA:80,0
DA:81,0
DA:85,0
DA:88,0
DA:91,0
DA:94,0
DA:96,0
DA:113,0
DA:114,0
DA:115,0
DA:116,0
DA:117,0
DA:118,0
DA:119,0
DA:120,0
DA:121,0
DA:122,0
DA:123,0
DA:124,0
DA:125,0
DA:126,0
DA:127,0
DA:128,0
DA:132,0
DA:133,0
DA:134,0
DA:135,0
DA:136,0
DA:137,0
DA:138,0
DA:139,0
DA:140,0
DA:141,0
DA:142,0
DA:143,0
DA:144,0
DA:145,0
DA:146,0
DA:147,0
DA:148,0
LF:63
LH:1
end_of_record
SF:lib\features\book_upload\domain\usecases\upload_image_usecase.dart
DA:9,0
DA:11,0
DA:12,0
DA:16,0
LF:4
LH:0
end_of_record
SF:lib\features\book_upload\presentation\bloc\book_upload_bloc.dart
DA:21,0
DA:28,0
DA:29,0
DA:30,0
DA:31,0
DA:32,0
DA:33,0
DA:34,0
DA:35,0
DA:36,0
DA:37,0
DA:38,0
DA:39,0
DA:40,0
DA:41,0
DA:42,0
DA:43,0
DA:44,0
DA:45,0
DA:46,0
DA:47,0
DA:50,0
DA:51,0
DA:54,0
DA:57,0
DA:58,0
DA:60,0
DA:61,0
DA:63,0
DA:69,0
DA:73,0
DA:74,0
DA:75,0
DA:76,0
DA:80,0
DA:81,0
DA:82,0
DA:84,0
DA:85,0
DA:87,0
DA:88,0
DA:90,0
DA:91,0
DA:97,0
DA:101,0
DA:102,0
DA:103,0
DA:104,0
DA:108,0
DA:109,0
DA:110,0
DA:112,0
DA:113,0
DA:119,0
DA:123,0
DA:124,0
DA:125,0
DA:126,0
DA:130,0
DA:131,0
DA:132,0
DA:134,0
DA:135,0
DA:137,0
DA:138,0
DA:144,0
DA:148,0
DA:149,0
DA:150,0
DA:151,0
DA:155,0
DA:156,0
DA:157,0
DA:163,0
DA:167,0
DA:168,0
DA:169,0
DA:171,0
DA:173,0
DA:175,0
DA:176,0
DA:178,0
DA:180,0
DA:189,0
DA:190,0
DA:191,0
DA:192,0
DA:196,0
DA:197,0
DA:198,0
DA:199,0
DA:202,0
DA:203,0
DA:204,0
DA:205,0
DA:206,0
DA:207,0
DA:208,0
DA:209,0
DA:210,0
DA:211,0
DA:212,0
DA:213,0
DA:214,0
DA:218,0
DA:220,0
DA:226,0
DA:227,0
DA:228,0
DA:230,0
DA:232,0
DA:234,0
DA:235,0
DA:237,0
DA:239,0
DA:242,0
DA:243,0
DA:244,0
DA:245,0
DA:246,0
DA:247,0
DA:248,0
DA:249,0
DA:250,0
DA:251,0
DA:252,0
DA:253,0
DA:254,0
DA:258,0
DA:265,0
DA:266,0
DA:277,0
DA:278,0
DA:279,0
DA:281,0
DA:289,0
DA:290,0
DA:292,0
DA:296,0
DA:297,0
DA:298,0
DA:300,0
DA:301,0
DA:302,0
DA:303,0
DA:304,0
DA:309,0
DA:310,0
DA:311,0
DA:313,0
DA:314,0
DA:315,0
DA:316,0
DA:317,0
DA:322,0
DA:323,0
DA:324,0
DA:326,0
DA:328,0
DA:330,0
DA:331,0
DA:333,0
DA:335,0
DA:344,0
DA:345,0
DA:346,0
DA:348,0
DA:350,0
DA:351,0
DA:352,0
DA:357,0
DA:358,0
DA:359,0
DA:361,0
DA:363,0
DA:364,0
DA:365,0
DA:370,0
DA:371,0
DA:372,0
DA:374,0
DA:376,0
DA:378,0
DA:379,0
DA:380,0
DA:388,0
DA:389,0
DA:390,0
DA:392,0
DA:393,0
DA:394,0
DA:402,0
DA:403,0
DA:404,0
DA:407,0
DA:408,0
DA:409,0
DA:410,0
DA:412,0
DA:414,0
DA:415,0
DA:420,0
DA:421,0
DA:422,0
DA:424,0
DA:425,0
DA:426,0
DA:427,0
DA:428,0
DA:429,0
DA:430,0
DA:432,0
DA:433,0
LF:213
LH:0
end_of_record
SF:lib\features\book_upload\domain\entities\book_copy.dart
DA:13,0
DA:15,0
DA:17,0
DA:19,0
DA:21,0
DA:23,0
DA:25,0
DA:31,0
DA:33,0
DA:35,0
DA:37,0
DA:39,0
DA:41,0
DA:43,0
DA:65,0
DA:82,0
DA:85,0
DA:86,0
DA:87,0
DA:88,0
DA:89,0
DA:90,0
DA:91,0
DA:92,0
DA:97,0
DA:98,0
DA:99,0
DA:103,0
DA:104,0
DA:105,0
DA:108,0
DA:123,0
DA:124,0
DA:125,0
DA:126,0
DA:127,0
DA:128,0
DA:129,0
DA:130,0
DA:131,0
DA:132,0
DA:133,0
DA:134,0
DA:135,0
DA:136,0
DA:140,0
DA:141,0
DA:142,0
DA:143,0
DA:144,0
DA:145,0
DA:146,0
DA:147,0
DA:148,0
DA:149,0
DA:150,0
DA:151,0
DA:152,0
DA:153,0
DA:154,0
LF:60
LH:0
end_of_record
SF:lib\features\book_upload\presentation\bloc\book_upload_event.dart
DA:8,0
DA:10,0
DA:11,0
DA:18,0
DA:20,0
DA:21,0
DA:29,0
DA:31,0
DA:32,0
DA:40,0
DA:42,0
DA:43,0
DA:51,0
DA:53,0
DA:54,0
DA:62,0
DA:64,0
DA:65,0
DA:72,0
DA:74,0
DA:75,0
DA:80,0
DA:87,0
DA:89,0
DA:90,0
DA:97,0
DA:99,0
DA:100,0
DA:105,0
DA:113,0
DA:115,0
DA:116,0
DA:123,0
DA:125,0
DA:126,0
DA:133,0
DA:135,0
DA:136,0
DA:144,0
DA:146,0
DA:147,0
DA:155,0
DA:157,0
DA:158,0
DA:163,0
DA:168,0
DA:173,0
DA:178,0
LF:48
LH:0
end_of_record
SF:lib\features\book_upload\presentation\bloc\book_upload_state.dart
DA:7,2
DA:9,0
DA:10,0
DA:15,2
DA:20,2
DA:35,0
DA:47,0
DA:48,0
DA:49,0
DA:50,0
DA:51,0
DA:52,0
DA:53,0
DA:54,0
DA:55,0
DA:56,0
DA:57,0
DA:60,0
DA:74,0
DA:75,0
DA:76,0
DA:77,0
DA:78,0
DA:79,0
DA:80,0
DA:81,0
DA:82,0
DA:83,0
DA:92,0
DA:94,0
DA:95,0
DA:103,0
DA:108,0
DA:109,0
LF:34
LH:3
end_of_record
SF:lib\features\book_upload\data\models\book_copy_model.dart
DA:5,0
DA:22,0
DA:23,0
DA:24,0
DA:25,0
DA:26,0
DA:27,0
DA:28,0
DA:29,0
DA:30,0
DA:31,0
DA:32,0
DA:33,0
DA:34,0
DA:35,0
DA:36,0
DA:37,0
DA:38,0
DA:40,0
DA:41,0
DA:47,0
DA:48,0
DA:49,0
DA:50,0
DA:51,0
DA:52,0
DA:53,0
DA:54,0
DA:55,0
DA:56,0
DA:57,0
DA:58,0
DA:59,0
DA:60,0
DA:61,0
DA:66,0
DA:67,0
DA:68,0
DA:70,0
DA:71,0
DA:73,0
DA:74,0
DA:76,0
DA:78,0
DA:80,0
DA:88,0
DA:89,0
DA:90,0
DA:91,0
DA:92,0
DA:93,0
DA:94,0
DA:95,0
DA:96,0
DA:97,0
DA:98,0
DA:99,0
DA:100,0
DA:101,0
DA:102,0
DA:107,0
DA:123,0
DA:124,0
DA:125,0
DA:126,0
DA:127,0
DA:128,0
DA:129,0
DA:130,0
DA:131,0
DA:132,0
DA:133,0
DA:134,0
DA:135,0
DA:136,0
LF:75
LH:0
end_of_record
SF:lib\features\book_upload\data\models\book_upload_form_model.dart
DA:6,0
DA:25,0
DA:26,0
DA:27,0
DA:28,0
DA:29,0
DA:30,0
DA:31,0
DA:32,0
DA:33,0
DA:34,0
DA:35,0
DA:36,0
DA:37,0
DA:38,0
DA:39,0
DA:40,0
DA:41,0
DA:42,0
DA:43,0
DA:44,0
DA:45,0
DA:47,0
DA:48,0
DA:54,0
DA:55,0
DA:56,0
DA:57,0
DA:58,0
DA:59,0
DA:60,0
DA:61,0
DA:62,0
DA:63,0
DA:64,0
DA:65,0
DA:66,0
DA:67,0
DA:68,0
DA:69,0
DA:70,0
DA:75,0
DA:76,0
DA:77,0
DA:78,0
DA:79,0
DA:80,0
DA:81,0
DA:82,0
DA:83,0
DA:84,0
DA:85,0
DA:86,0
DA:87,0
DA:88,0
DA:89,0
DA:90,0
DA:91,0
DA:96,0
DA:114,0
DA:115,0
DA:116,0
DA:117,0
DA:118,0
DA:119,0
DA:120,0
DA:121,0
DA:122,0
DA:123,0
DA:124,0
DA:125,0
DA:126,0
DA:127,0
DA:128,0
DA:129,0
LF:75
LH:0
end_of_record
SF:lib\features\book_upload\data\datasources\book_upload_remote_datasource_impl.dart
DA:15,0
DA:17,0
DA:25,0
DA:27,0
DA:29,0
DA:33,0
DA:41,0
DA:43,0
DA:45,0
DA:49,0
DA:57,0
DA:59,0
DA:61,0
DA:65,0
DA:73,0
DA:75,0
DA:77,0
DA:81,0
DA:89,0
DA:91,0
DA:92,0
DA:93,0
DA:94,0
DA:97,0
DA:101,0
DA:109,0
DA:111,0
DA:113,0
DA:117,0
DA:124,0
DA:126,0
DA:130,0
DA:137,0
DA:139,0
DA:143,0
DA:151,0
DA:153,0
DA:155,0
DA:159,0
DA:170,0
DA:174,0
DA:178,0
DA:186,0
DA:190,0
DA:194,0
DA:202,0
DA:206,0
DA:212,0
DA:214,0
DA:215,0
DA:222,0
DA:229,0
DA:239,0
DA:241,0
DA:243,0
DA:244,0
DA:253,0
DA:254,0
DA:263,0
DA:264,0
DA:276,0
DA:279,0
DA:280,0
DA:287,0
DA:288,0
DA:300,0
DA:307,0
DA:311,0
DA:324,0
DA:337,0
DA:338,0
DA:342,0
DA:343,0
DA:345,0
DA:346,0
DA:347,0
DA:348,0
DA:349,0
DA:350,0
DA:351,0
DA:353,0
DA:354,0
DA:355,0
DA:357,0
DA:358,0
DA:360,0
DA:361,0
DA:363,0
DA:364,0
DA:367,0
DA:368,0
DA:369,0
DA:370,0
DA:372,0
DA:373,0
DA:374,0
DA:376,0
DA:377,0
DA:378,0
DA:383,0
DA:384,0
DA:385,0
DA:386,0
LF:103
LH:0
end_of_record
SF:lib\features\book_management\presentation\bloc\book_management_bloc.dart
DA:16,0
DA:21,0
DA:22,0
DA:23,0
DA:24,0
DA:25,0
DA:26,0
DA:27,0
DA:28,0
DA:31,0
DA:35,0
DA:37,0
DA:39,0
DA:40,0
DA:41,0
DA:45,0
DA:49,0
DA:50,0
DA:51,0
DA:53,0
DA:55,0
DA:56,0
DA:58,0
DA:60,0
DA:62,0
DA:68,0
DA:72,0
DA:73,0
DA:74,0
DA:78,0
DA:82,0
DA:83,0
DA:85,0
DA:86,0
DA:90,0
DA:92,0
DA:93,0
DA:94,0
DA:96,0
DA:98,0
DA:99,0
DA:100,0
DA:102,0
DA:104,0
DA:106,0
DA:114,0
DA:118,0
DA:119,0
DA:121,0
DA:122,0
DA:126,0
DA:128,0
DA:129,0
DA:130,0
DA:132,0
DA:140,0
DA:144,0
DA:145,0
DA:147,0
DA:148,0
DA:152,0
DA:154,0
DA:155,0
DA:156,0
DA:158,0
DA:166,0
DA:170,0
DA:171,0
DA:172,0
LF:69
LH:0
end_of_record
SF:lib\features\book_management\presentation\bloc\book_management_event.dart
DA:7,0
DA:9,0
DA:10,0
DA:15,0
DA:20,0
DA:27,0
DA:29,0
DA:30,0
DA:39,0
DA:45,0
DA:46,0
DA:54,0
DA:59,0
DA:60,0
DA:68,0
DA:73,0
DA:74,0
DA:81,0
DA:83,0
DA:84,0
DA:89,0
LF:21
LH:0
end_of_record
SF:lib\features\book_management\presentation\bloc\book_management_state.dart
DA:6,2
DA:8,0
DA:9,0
DA:14,2
DA:19,2
DA:30,0
DA:38,0
DA:48,0
DA:49,0
DA:50,0
DA:51,0
DA:52,0
DA:53,0
DA:57,0
DA:58,0
DA:59,0
DA:60,0
DA:61,0
DA:62,0
DA:63,0
DA:71,0
DA:73,0
DA:74,0
DA:82,0
DA:87,0
DA:88,0
LF:26
LH:3
end_of_record
SF:lib\features\book_upload\domain\usecases\delete_book_usecase.dart
DA:9,0
DA:11,0
DA:12,0
DA:16,0
LF:4
LH:0
end_of_record
SF:lib\features\book_upload\domain\usecases\delete_copy_usecase.dart
DA:9,0
DA:11,0
DA:12,0
DA:16,0
LF:4
LH:0
end_of_record
SF:lib\features\book_upload\domain\usecases\get_user_books_usecase.dart
DA:10,0
DA:12,0
DA:13,0
LF:3
LH:0
end_of_record
SF:lib\features\book_upload\domain\usecases\update_copy_usecase.dart
DA:10,0
DA:12,0
DA:14,0
DA:18,0
DA:22,0
DA:26,0
DA:30,0
LF:7
LH:0
end_of_record
SF:lib\features\book_details\presentation\bloc\rental_status_bloc.dart
DA:20,0
DA:27,0
DA:28,0
DA:29,0
DA:30,0
DA:31,0
DA:32,0
DA:33,0
DA:34,0
DA:37,0
DA:38,0
DA:40,0
DA:41,0
DA:42,0
DA:43,0
DA:47,0
DA:48,0
DA:49,0
DA:50,0
DA:52,0
DA:53,0
DA:54,0
DA:55,0
DA:57,0
DA:58,0
DA:59,0
DA:60,0
DA:70,0
DA:71,0
DA:72,0
DA:73,0
DA:75,0
DA:76,0
DA:77,0
DA:78,0
DA:80,0
DA:81,0
DA:82,0
DA:83,0
DA:93,0
DA:94,0
DA:95,0
DA:96,0
DA:98,0
DA:99,0
DA:100,0
DA:101,0
DA:103,0
DA:104,0
DA:105,0
DA:106,0
DA:116,0
DA:117,0
DA:118,0
DA:119,0
DA:121,0
DA:122,0
DA:123,0
DA:124,0
DA:126,0
DA:127,0
DA:128,0
DA:129,0
DA:139,0
DA:140,0
DA:141,0
DA:142,0
DA:144,0
DA:145,0
DA:146,0
DA:147,0
DA:149,0
DA:150,0
DA:151,0
DA:152,0
DA:162,0
DA:164,0
DA:166,0
DA:167,0
DA:168,0
DA:171,0
DA:173,0
DA:176,0
DA:179,0
LF:84
LH:0
end_of_record
SF:lib\features\book_details\domain\usecases\get_rental_status_usecase.dart
DA:10,0
DA:12,0
DA:13,0
LF:3
LH:0
end_of_record
SF:lib\features\book_details\domain\usecases\rent_book_usecase.dart
DA:10,0
DA:12,0
DA:13,0
LF:3
LH:0
end_of_record
SF:lib\features\book_details\domain\usecases\buy_book_usecase.dart
DA:10,0
DA:12,0
DA:13,0
LF:3
LH:0
end_of_record
SF:lib\features\book_details\domain\usecases\return_book_usecase.dart
DA:10,0
DA:12,0
DA:13,0
LF:3
LH:0
end_of_record
SF:lib\features\book_details\domain\usecases\renew_book_usecase.dart
DA:10,0
DA:12,0
DA:13,0
LF:3
LH:0
end_of_record
SF:lib\features\book_details\domain\usecases\remove_from_cart_usecase.dart
DA:10,0
DA:12,0
DA:13,0
LF:3
LH:0
end_of_record
SF:lib\features\book_details\presentation\bloc\rental_status_event.dart
DA:5,0
DA:7,0
DA:8,0
DA:15,0
DA:17,0
DA:18,0
DA:25,0
DA:27,0
DA:28,0
DA:35,0
DA:37,0
DA:38,0
DA:45,0
DA:47,0
DA:48,0
DA:55,0
DA:57,0
DA:58,0
DA:65,0
DA:67,0
DA:68,0
DA:75,0
DA:77,0
DA:78,0
LF:24
LH:0
end_of_record
SF:lib\features\book_details\presentation\bloc\rental_status_state.dart
DA:6,2
DA:8,0
DA:9,0
DA:14,2
DA:19,2
DA:27,0
DA:32,0
DA:33,0
DA:35,0
DA:39,0
DA:40,0
DA:50,0
DA:52,0
DA:53,0
DA:60,0
DA:62,0
DA:63,0
LF:17
LH:3
end_of_record
SF:lib\features\book_details\domain\entities\rental_status.dart
DA:28,0
DA:43,0
DA:44,0
DA:45,0
DA:47,0
DA:49,0
DA:51,0
DA:53,0
DA:55,0
DA:56,0
DA:60,0
DA:61,0
DA:63,0
DA:65,0
DA:68,0
DA:69,0
DA:70,0
DA:71,0
DA:72,0
DA:73,0
DA:74,0
DA:75,0
DA:76,0
DA:77,0
DA:78,0
DA:79,0
DA:80,0
LF:27
LH:0
end_of_record
SF:lib\features\book_details\domain\usecases\vote_review_usecase.dart
DA:10,0
DA:12,0
DA:13,0
DA:14,0
DA:17,0
DA:20,0
DA:21,0
DA:22,0
DA:25,0
DA:28,0
DA:29,0
DA:30,0
DA:33,0
LF:13
LH:0
end_of_record
SF:lib\features\book_details\domain\entities\review.dart
DA:20,0
DA:38,0
DA:39,0
DA:43,0
DA:46,0
DA:49,0
DA:52,0
DA:53,0
DA:54,0
DA:56,0
DA:57,0
DA:58,0
DA:59,0
DA:60,0
DA:61,0
DA:62,0
DA:63,0
DA:64,0
DA:65,0
DA:66,0
DA:67,0
DA:73,0
DA:90,0
DA:91,0
DA:92,0
DA:93,0
DA:94,0
DA:95,0
DA:96,0
DA:97,0
DA:98,0
DA:99,0
DA:100,0
DA:101,0
DA:102,0
DA:103,0
DA:104,0
DA:108,0
DA:109,0
DA:110,0
DA:111,0
DA:112,0
DA:113,0
DA:114,0
DA:115,0
DA:116,0
DA:117,0
DA:118,0
DA:119,0
DA:120,0
DA:121,0
DA:122,0
DA:123,0
LF:53
LH:0
end_of_record
SF:lib\features\book_details\domain\usecases\update_review_usecase.dart
DA:10,0
DA:12,0
DA:18,0
DA:19,0
DA:22,0
DA:23,0
DA:26,0
DA:27,0
DA:30,0
DA:32,0
LF:10
LH:0
end_of_record
SF:lib\features\book_details\domain\usecases\submit_rating_usecase.dart
DA:10,0
DA:12,0
DA:16,0
DA:17,0
DA:20,0
LF:5
LH:0
end_of_record
SF:lib\features\book_details\domain\entities\book_rating.dart
DA:12,0
DA:22,0
DA:24,0
DA:32,0
DA:33,0
DA:34,0
DA:35,0
DA:36,0
DA:37,0
DA:38,0
DA:42,0
DA:43,0
DA:44,0
DA:45,0
DA:46,0
DA:47,0
DA:48,0
DA:49,0
LF:18
LH:0
end_of_record
SF:lib\features\book_details\domain\usecases\report_review_usecase.dart
DA:9,0
DA:11,0
DA:15,0
DA:16,0
DA:19,0
DA:20,0
DA:23,0
DA:24,0
DA:27,0
DA:29,0
LF:10
LH:0
end_of_record
SF:lib\features\book_details\domain\usecases\get_user_review_usecase.dart
DA:10,0
DA:12,0
DA:13,0
DA:14,0
DA:17,0
LF:5
LH:0
end_of_record
SF:lib\features\book_details\domain\usecases\get_user_rating_usecase.dart
DA:10,0
DA:12,0
DA:13,0
DA:14,0
DA:17,0
LF:5
LH:0
end_of_record
SF:lib\features\book_details\domain\usecases\get_reviews_usecase.dart
DA:10,0
DA:12,0
DA:13,0
LF:3
LH:0
end_of_record
SF:lib\features\book_details\domain\usecases\submit_review_usecase.dart
DA:10,0
DA:12,0
DA:18,0
DA:19,0
DA:22,0
DA:23,0
DA:26,0
DA:27,0
DA:30,0
DA:32,0
LF:10
LH:0
end_of_record
SF:lib\features\book_details\presentation\bloc\reviews_bloc.dart
DA:26,0
DA:36,0
DA:37,0
DA:38,0
DA:39,0
DA:40,0
DA:41,0
DA:42,0
DA:43,0
DA:44,0
DA:45,0
DA:46,0
DA:47,0
DA:48,0
DA:49,0
DA:50,0
DA:53,0
DA:57,0
DA:59,0
DA:61,0
DA:62,0
DA:63,0
DA:67,0
DA:71,0
DA:72,0
DA:73,0
DA:75,0
DA:77,0
DA:78,0
DA:80,0
DA:82,0
DA:88,0
DA:92,0
DA:96,0
DA:98,0
DA:99,0
DA:100,0
DA:101,0
DA:104,0
DA:105,0
DA:106,0
DA:108,0
DA:110,0
DA:111,0
DA:112,0
DA:122,0
DA:126,0
DA:128,0
DA:129,0
DA:130,0
DA:131,0
DA:134,0
DA:135,0
DA:136,0
DA:138,0
DA:140,0
DA:141,0
DA:142,0
DA:152,0
DA:156,0
DA:158,0
DA:159,0
DA:161,0
DA:163,0
DA:164,0
DA:165,0
DA:167,0
DA:168,0
DA:170,0
DA:171,0
DA:172,0
DA:178,0
DA:187,0
DA:191,0
DA:193,0
DA:194,0
DA:195,0
DA:198,0
DA:199,0
DA:200,0
DA:201,0
DA:202,0
DA:203,0
DA:208,0
DA:214,0
DA:218,0
DA:220,0
DA:221,0
DA:223,0
DA:224,0
DA:225,0
DA:228,0
DA:229,0
DA:230,0
DA:231,0
DA:237,0
DA:241,0
DA:243,0
DA:245,0
DA:247,0
DA:248,0
DA:249,0
DA:251,0
DA:252,0
DA:253,0
DA:255,0
DA:260,0
DA:264,0
DA:266,0
DA:268,0
DA:270,0
DA:271,0
DA:272,0
DA:274,0
DA:275,0
DA:276,0
DA:278,0
DA:283,0
DA:287,0
DA:289,0
DA:291,0
DA:293,0
DA:294,0
DA:295,0
DA:297,0
DA:298,0
DA:299,0
DA:301,0
DA:306,0
DA:310,0
DA:312,0
DA:313,0
DA:314,0
DA:317,0
DA:318,0
DA:319,0
DA:320,0
DA:321,0
DA:322,0
DA:326,0
DA:332,0
DA:336,0
DA:338,0
DA:339,0
DA:341,0
DA:342,0
DA:343,0
DA:346,0
DA:347,0
DA:348,0
DA:349,0
DA:355,0
DA:359,0
DA:360,0
DA:361,0
DA:365,0
DA:369,0
DA:370,0
DA:371,0
LF:159
LH:0
end_of_record
SF:lib\features\book_details\domain\usecases\delete_review_usecase.dart
DA:9,0
DA:11,0
DA:12,0
DA:13,0
DA:16,0
LF:5
LH:0
end_of_record
SF:lib\features\book_details\presentation\bloc\reviews_event.dart
DA:5,0
DA:7,0
DA:8,0
DA:15,0
DA:17,0
DA:18,0
DA:25,0
DA:27,0
DA:28,0
DA:37,0
DA:43,0
DA:44,0
DA:53,0
DA:59,0
DA:60,0
DA:67,0
DA:69,0
DA:70,0
DA:78,0
DA:83,0
DA:84,0
DA:91,0
DA:93,0
DA:94,0
DA:101,0
DA:103,0
DA:104,0
DA:111,0
DA:113,0
DA:114,0
DA:121,0
DA:123,0
DA:124,0
DA:132,0
DA:137,0
DA:138,0
DA:145,0
DA:147,0
DA:148,0
DA:153,0
DA:158,0
LF:41
LH:0
end_of_record
SF:lib\features\book_details\presentation\bloc\reviews_state.dart
DA:7,2
DA:9,0
DA:10,0
DA:15,2
DA:20,2
DA:32,0
DA:41,0
DA:53,0
DA:54,0
DA:55,0
DA:56,0
DA:57,0
DA:58,0
DA:59,0
DA:63,0
DA:64,0
DA:65,0
DA:66,0
DA:67,0
DA:68,0
DA:69,0
DA:70,0
DA:78,0
DA:80,0
DA:81,0
DA:86,2
DA:93,0
DA:95,0
DA:96,0
DA:101,2
DA:108,0
DA:110,0
DA:111,0
DA:116,2
DA:121,0
DA:126,2
DA:133,0
DA:135,0
DA:136,0
DA:141,0
DA:148,0
DA:150,0
DA:151,0
DA:156,2
DA:161,2
LF:45
LH:9
end_of_record
SF:lib\features\book_details\data\datasources\reviews_remote_datasource.dart
DA:65,0
DA:66,0
DA:69,0
DA:71,0
DA:72,0
DA:84,0
DA:85,0
DA:87,0
DA:99,0
DA:100,0
DA:102,0
DA:114,0
DA:115,0
DA:120,0
DA:122,0
DA:125,0
DA:126,0
DA:127,0
DA:128,0
DA:133,0
DA:139,0
DA:142,0
DA:143,0
DA:144,0
DA:151,0
DA:152,0
DA:156,0
DA:157,0
DA:160,0
DA:161,0
DA:172,0
DA:173,0
DA:176,0
DA:180,0
DA:186,0
DA:188,0
DA:190,0
DA:191,0
DA:194,0
DA:197,0
DA:198,0
DA:201,0
DA:205,0
DA:208,0
DA:212,0
DA:214,0
DA:216,0
DA:217,0
DA:218,0
DA:222,0
DA:223,0
DA:226,0
DA:229,0
DA:234,0
DA:236,0
DA:237,0
DA:239,0
DA:240,0
DA:244,0
DA:248,0
DA:252,0
DA:254,0
DA:255,0
DA:258,0
DA:260,0
DA:262,0
DA:263,0
DA:264,0
DA:267,0
DA:268,0
DA:269,0
DA:273,0
DA:275,0
DA:276,0
DA:280,0
DA:281,0
DA:283,0
DA:284,0
DA:285,0
DA:288,0
DA:291,0
DA:292,0
DA:295,0
DA:298,0
DA:302,0
DA:304,0
DA:306,0
DA:307,0
DA:308,0
DA:311,0
DA:312,0
DA:313,0
DA:317,0
DA:319,0
DA:320,0
DA:324,0
DA:325,0
DA:327,0
DA:328,0
DA:329,0
DA:332,0
DA:335,0
DA:336,0
DA:339,0
DA:342,0
DA:346,0
DA:348,0
DA:350,0
DA:351,0
DA:352,0
DA:355,0
DA:356,0
DA:357,0
DA:365,0
DA:366,0
DA:367,0
DA:372,0
DA:373,0
DA:379,0
DA:380,0
DA:384,0
DA:389,0
DA:391,0
DA:392,0
DA:393,0
DA:398,0
DA:399,0
DA:402,0
DA:404,0
DA:407,0
DA:408,0
LF:131
LH:0
end_of_record
SF:lib\features\book_details\data\models\review_model.dart
DA:5,0
DA:23,0
DA:24,0
DA:25,0
DA:26,0
DA:27,0
DA:28,0
DA:29,0
DA:30,0
DA:31,0
DA:32,0
DA:33,0
DA:34,0
DA:35,0
DA:36,0
DA:37,0
DA:38,0
DA:43,0
DA:44,0
DA:45,0
DA:46,0
DA:47,0
DA:48,0
DA:49,0
DA:50,0
DA:51,0
DA:52,0
DA:53,0
DA:54,0
DA:55,0
DA:56,0
DA:57,0
DA:58,0
DA:63,0
DA:64,0
DA:65,0
DA:66,0
DA:67,0
DA:68,0
DA:69,0
DA:70,0
DA:71,0
DA:72,0
DA:73,0
DA:74,0
DA:75,0
DA:76,0
DA:77,0
DA:78,0
DA:83,0
DA:101,0
DA:102,0
DA:103,0
DA:104,0
DA:105,0
DA:106,0
DA:107,0
DA:108,0
DA:109,0
DA:110,0
DA:111,0
DA:112,0
DA:113,0
DA:114,0
DA:115,0
LF:65
LH:0
end_of_record
SF:lib\features\book_details\data\models\book_rating_model.dart
DA:5,0
DA:15,0
DA:16,0
DA:17,0
DA:18,0
DA:19,0
DA:20,0
DA:21,0
DA:22,0
DA:27,0
DA:28,0
DA:29,0
DA:30,0
DA:31,0
DA:32,0
DA:33,0
DA:34,0
DA:39,0
DA:40,0
DA:41,0
DA:42,0
DA:43,0
DA:44,0
DA:45,0
DA:46,0
DA:51,0
DA:60,0
DA:61,0
DA:62,0
DA:63,0
DA:64,0
DA:65,0
DA:66,0
LF:33
LH:0
end_of_record
SF:lib\features\book_details\data\datasources\reviews_local_datasource.dart
DA:9,0
DA:15,0
DA:49,0
DA:51,0
DA:52,0
DA:53,0
DA:57,0
DA:58,0
DA:61,0
DA:64,0
DA:66,0
DA:68,0
DA:73,0
DA:75,0
DA:77,0
DA:79,0
DA:80,0
DA:81,0
DA:83,0
DA:84,0
DA:89,0
DA:90,0
DA:91,0
DA:97,0
DA:99,0
DA:100,0
DA:101,0
DA:102,0
DA:104,0
DA:105,0
DA:110,0
DA:112,0
DA:113,0
DA:114,0
DA:115,0
DA:116,0
DA:118,0
DA:119,0
DA:125,0
DA:127,0
DA:130,0
DA:132,0
DA:135,0
DA:137,0
DA:138,0
DA:139,0
DA:140,0
DA:142,0
DA:143,0
LF:49
LH:0
end_of_record
SF:lib\features\book_details\data\datasources\rental_status_remote_datasource.dart
DA:18,0
DA:21,0
DA:24,0
DA:25,0
DA:26,0
DA:33,0
DA:34,0
DA:37,0
DA:38,0
DA:44,0
DA:45,0
DA:48,0
DA:49,0
DA:50,0
DA:56,0
DA:57,0
DA:64,0
DA:65,0
DA:73,0
DA:83,0
DA:86,0
DA:89,0
DA:90,0
DA:91,0
DA:92,0
DA:98,0
DA:101,0
LF:27
LH:0
end_of_record
SF:lib\features\book_details\data\models\rental_status_model.dart
DA:5,0
DA:20,0
DA:21,0
DA:22,0
DA:23,0
DA:24,0
DA:25,0
DA:26,0
DA:27,0
DA:28,0
DA:29,0
DA:30,0
DA:31,0
DA:32,0
DA:37,0
DA:38,0
DA:39,0
DA:40,0
DA:41,0
DA:42,0
DA:43,0
DA:44,0
DA:45,0
DA:46,0
DA:47,0
DA:48,0
DA:49,0
DA:54,0
DA:55,0
DA:56,0
DA:58,0
DA:60,0
DA:62,0
DA:64,0
DA:66,0
DA:68,0
DA:76,0
DA:78,0
DA:80,0
DA:82,0
DA:84,0
DA:86,0
DA:88,0
DA:90,0
DA:96,0
DA:109,0
DA:110,0
DA:111,0
DA:112,0
DA:113,0
DA:114,0
DA:115,0
DA:116,0
DA:117,0
DA:118,0
DA:119,0
DA:120,0
LF:57
LH:0
end_of_record
SF:lib\features\book_details\data\datasources\rental_status_local_datasource.dart
DA:9,0
DA:15,0
DA:43,0
DA:45,0
DA:46,0
DA:47,0
DA:51,0
DA:52,0
DA:58,0
DA:60,0
DA:62,0
DA:67,0
DA:69,0
DA:71,0
DA:72,0
DA:73,0
DA:74,0
DA:75,0
DA:77,0
DA:84,0
DA:86,0
DA:89,0
DA:91,0
DA:94,0
DA:96,0
DA:97,0
DA:98,0
DA:99,0
DA:101,0
DA:102,0
LF:30
LH:0
end_of_record
SF:lib\features\book_details\data\datasources\book_operations_remote_datasource.dart
DA:24,0
DA:26,0
DA:29,0
DA:31,0
DA:34,0
DA:36,0
DA:39,0
DA:43,0
DA:46,0
DA:48,0
DA:49,0
DA:51,0
DA:54,0
DA:58,0
DA:61,0
DA:63,0
DA:64,0
DA:66,0
DA:69,0
DA:73,0
DA:76,0
DA:78,0
DA:79,0
DA:81,0
DA:84,0
DA:88,0
DA:91,0
DA:93,0
DA:94,0
DA:96,0
DA:99,0
DA:103,0
DA:106,0
DA:108,0
DA:109,0
DA:111,0
DA:114,0
DA:118,0
DA:120,0
DA:122,0
DA:123,0
DA:125,0
DA:130,0
DA:133,0
DA:134,0
DA:138,0
LF:46
LH:0
end_of_record
SF:lib\core\services\favorite_status_service.dart
DA:7,0
DA:10,0
DA:11,0
DA:13,0
DA:14,0
DA:15,0
DA:20,0
DA:21,0
DA:23,0
DA:24,0
DA:25,0
DA:30,0
DA:31,0
DA:33,0
DA:34,0
DA:35,0
LF:16
LH:0
end_of_record
SF:lib\features\book_details\presentation\bloc\book_details_bloc.dart
DA:24,0
DA:33,0
DA:34,0
DA:35,0
DA:36,0
DA:39,0
DA:43,0
DA:47,0
DA:49,0
DA:50,0
DA:51,0
DA:53,0
DA:59,0
DA:66,0
DA:70,0
DA:74,0
DA:75,0
DA:76,0
DA:78,0
DA:79,0
DA:80,0
DA:82,0
DA:84,0
DA:87,0
DA:95,0
DA:99,0
DA:100,0
DA:102,0
DA:109,0
DA:110,0
DA:112,0
DA:113,0
DA:114,0
DA:116,0
DA:120,0
DA:121,0
DA:122,0
DA:125,0
DA:134,0
LF:39
LH:0
end_of_record
SF:lib\features\book_details\presentation\bloc\book_details_event.dart
DA:5,0
DA:7,0
DA:8,0
DA:15,0
DA:17,0
DA:18,0
DA:25,0
DA:27,0
DA:28,0
DA:35,0
DA:37,0
DA:38,0
LF:12
LH:0
end_of_record
SF:lib\features\book_details\presentation\bloc\book_details_state.dart
DA:7,2
DA:9,0
DA:10,0
DA:28,0
DA:37,0
DA:38,0
DA:39,0
DA:40,0
DA:41,0
DA:42,0
DA:43,0
DA:44,0
DA:47,0
DA:56,0
DA:57,0
DA:58,0
DA:59,0
DA:60,0
DA:61,0
DA:62,0
DA:71,2
DA:73,0
DA:74,0
LF:23
LH:2
end_of_record
SF:lib\core\network\network_info.dart
DA:11,0
DA:13,0
DA:15,0
DA:16,0
LF:4
LH:0
end_of_record
SF:lib\core\logging\services\app_logger.dart
DA:22,0
DA:31,0
DA:35,0
DA:36,0
DA:40,0
DA:41,0
DA:45,0
DA:51,0
DA:61,0
DA:67,0
DA:77,0
DA:83,0
DA:93,0
DA:99,0
DA:109,0
DA:119,0
DA:120,0
DA:121,0
DA:124,0
DA:129,0
DA:130,0
DA:131,0
DA:133,0
DA:138,0
DA:144,0
DA:149,0
DA:150,0
DA:156,0
DA:161,0
DA:170,0
DA:176,0
DA:180,0
DA:185,0
DA:186,0
DA:198,0
DA:204,0
DA:208,0
DA:213,0
DA:215,0
DA:226,0
DA:235,0
DA:236,0
DA:239,0
DA:246,0
DA:247,0
DA:252,0
DA:253,0
DA:254,0
DA:255,0
DA:256,0
DA:269,0
DA:274,0
DA:277,0
DA:278,0
DA:279,0
DA:280,0
DA:281,0
DA:282,0
DA:284,0
DA:290,0
DA:291,0
LF:61
LH:0
end_of_record
SF:lib\core\logging\domain\entities\log_config.dart
DA:39,2
DA:54,0
DA:55,0
DA:56,0
DA:57,0
DA:61,0
DA:62,0
DA:63,0
DA:65,0
DA:68,0
DA:81,0
DA:82,0
DA:83,0
DA:84,0
DA:85,0
DA:86,0
DA:87,0
DA:88,0
DA:89,0
DA:90,0
DA:91,0
DA:92,0
DA:96,0
DA:97,0
DA:98,0
DA:99,0
DA:100,0
DA:101,0
DA:102,0
DA:103,0
DA:104,0
DA:105,0
DA:106,0
DA:107,0
DA:108,0
LF:35
LH:1
end_of_record
SF:lib\core\logging\domain\entities\log_level.dart
DA:26,0
DA:27,0
DA:30,0
DA:31,0
DA:32,0
DA:33,0
LF:6
LH:0
end_of_record
SF:lib\core\logging\domain\usecases\log_message.dart
DA:18,0
DA:34,0
DA:36,0
DA:39,0
DA:41,0
DA:42,0
DA:43,0
DA:45,0
DA:50,0
DA:51,0
DA:56,0
DA:57,0
DA:58,0
DA:59,0
DA:60,0
DA:61,0
DA:62,0
DA:63,0
DA:64,0
DA:65,0
DA:66,0
DA:70,0
DA:71,0
LF:23
LH:0
end_of_record
SF:lib\core\logging\domain\usecases\track_audit_event.dart
DA:15,0
DA:29,0
DA:31,0
DA:33,0
DA:35,0
DA:36,0
DA:37,0
DA:38,0
DA:42,0
DA:43,0
DA:44,0
DA:45,0
DA:46,0
DA:47,0
DA:48,0
DA:49,0
DA:50,0
DA:53,0
LF:18
LH:0
end_of_record
SF:lib\core\logging\domain\usecases\track_performance.dart
DA:15,0
DA:29,0
DA:31,0
DA:33,0
DA:35,0
DA:36,0
DA:37,0
DA:38,0
DA:42,0
DA:45,0
DA:49,0
DA:50,0
DA:51,0
DA:52,0
DA:53,0
DA:54,0
DA:56,0
DA:57,0
DA:60,0
LF:19
LH:0
end_of_record
SF:lib\core\usecase\usecase.dart
DA:14,2
LF:1
LH:1
end_of_record
SF:lib\core\logging\domain\entities\performance_metric.dart
DA:14,0
DA:25,0
DA:26,0
DA:27,0
DA:28,0
DA:29,0
DA:30,0
DA:31,0
DA:32,0
DA:33,0
DA:34,0
LF:11
LH:0
end_of_record
SF:lib\core\logging\domain\entities\audit_event.dart
DA:14,0
DA:25,0
DA:26,0
DA:27,0
DA:28,0
DA:29,0
DA:30,0
DA:31,0
DA:32,0
DA:33,0
DA:34,0
LF:11
LH:0
end_of_record
SF:lib\core\logging\domain\usecases\sync_logs.dart
DA:10,0
DA:12,0
DA:14,0
DA:16,0
DA:17,0
DA:18,0
DA:19,0
DA:24,0
DA:26,0
DA:27,0
DA:28,0
DA:29,0
DA:34,0
DA:36,0
DA:37,0
DA:38,0
DA:40,0
LF:17
LH:0
end_of_record
SF:lib\core\logging\domain\entities\log_entry.dart
DA:18,0
DA:32,0
DA:45,0
DA:46,0
DA:47,0
DA:48,0
DA:49,0
DA:50,0
DA:51,0
DA:52,0
DA:53,0
DA:54,0
DA:55,0
DA:56,0
DA:60,0
DA:61,0
DA:62,0
DA:63,0
DA:64,0
DA:65,0
DA:66,0
DA:67,0
DA:68,0
DA:69,0
DA:70,0
DA:71,0
DA:72,0
LF:27
LH:0
end_of_record
SF:lib\core\logging\domain\usecases\fetch_logging_config.dart
DA:11,0
DA:13,0
DA:15,0
LF:3
LH:0
end_of_record
SF:lib\core\logging\data\models\audit_event_model.dart
DA:13,0
DA:24,0
DA:25,0
DA:26,0
DA:27,0
DA:28,0
DA:29,0
DA:30,0
DA:31,0
DA:32,0
DA:33,0
DA:37,0
DA:38,0
DA:39,0
DA:40,0
DA:41,0
DA:42,0
DA:43,0
DA:44,0
DA:45,0
DA:46,0
DA:50,0
DA:51,0
DA:52,0
DA:53,0
DA:54,0
DA:55,0
DA:56,0
DA:57,0
DA:58,0
DA:59,0
DA:63,0
DA:64,0
DA:65,0
DA:66,0
DA:67,0
DA:68,0
DA:69,0
DA:70,0
DA:71,0
DA:72,0
LF:41
LH:0
end_of_record
SF:lib\core\logging\data\models\log_config_model.dart
DA:14,0
DA:28,0
DA:29,0
DA:30,0
DA:31,0
DA:32,0
DA:33,0
DA:34,0
DA:35,0
DA:36,0
DA:37,0
DA:38,0
DA:39,0
DA:40,0
DA:44,0
DA:45,0
DA:46,0
DA:47,0
DA:48,0
DA:49,0
DA:50,0
DA:51,0
DA:52,0
DA:53,0
DA:54,0
DA:55,0
DA:56,0
LF:27
LH:0
end_of_record
SF:lib\core\logging\data\models\log_entry_model.dart
DA:17,0
DA:31,0
DA:32,0
DA:33,0
DA:34,0
DA:35,0
DA:36,0
DA:37,0
DA:38,0
DA:39,0
DA:40,0
DA:41,0
DA:42,0
DA:43,0
DA:47,0
DA:48,0
DA:49,0
DA:50,0
DA:51,0
DA:52,0
DA:53,0
DA:54,0
DA:55,0
DA:56,0
DA:57,0
DA:58,0
DA:59,0
DA:63,0
DA:64,0
DA:65,0
DA:66,0
DA:67,0
DA:68,0
DA:69,0
DA:70,0
DA:71,0
DA:72,0
DA:73,0
DA:74,0
DA:75,0
DA:79,0
DA:80,0
DA:81,0
DA:82,0
DA:83,0
DA:84,0
DA:85,0
DA:86,0
DA:87,0
DA:88,0
DA:89,0
DA:90,0
DA:91,0
LF:53
LH:0
end_of_record
SF:lib\core\logging\data\models\performance_metric_model.dart
DA:13,0
DA:24,0
DA:25,0
DA:26,0
DA:27,0
DA:28,0
DA:29,0
DA:30,0
DA:31,0
DA:32,0
DA:33,0
DA:37,0
DA:38,0
DA:39,0
DA:40,0
DA:41,0
DA:42,0
DA:43,0
DA:44,0
DA:45,0
DA:46,0
DA:50,0
DA:51,0
DA:52,0
DA:53,0
DA:54,0
DA:55,0
DA:56,0
DA:57,0
DA:58,0
DA:59,0
DA:63,0
DA:64,0
DA:65,0
DA:66,0
DA:67,0
DA:68,0
DA:69,0
DA:70,0
DA:71,0
DA:72,0
LF:41
LH:0
end_of_record
SF:lib\core\logging\data\datasources\logging_local_data_source_impl.dart
DA:17,0
DA:19,0
DA:21,0
DA:23,0
DA:28,0
DA:30,0
DA:32,0
DA:36,0
DA:38,0
DA:39,0
DA:41,0
DA:42,0
DA:45,0
DA:47,0
DA:48,0
DA:50,0
DA:52,0
DA:53,0
DA:57,0
DA:58,0
DA:59,0
DA:60,0
DA:64,0
DA:65,0
DA:71,0
DA:73,0
DA:76,0
DA:78,0
DA:79,0
DA:81,0
DA:82,0
DA:85,0
DA:90,0
DA:91,0
DA:93,0
DA:95,0
DA:96,0
DA:99,0
DA:100,0
DA:101,0
DA:102,0
DA:105,0
DA:106,0
DA:112,0
DA:114,0
DA:115,0
DA:117,0
DA:118,0
DA:121,0
DA:126,0
DA:127,0
DA:129,0
DA:131,0
DA:132,0
DA:135,0
DA:136,0
DA:137,0
DA:138,0
DA:141,0
DA:142,0
DA:148,0
DA:150,0
DA:152,0
DA:154,0
DA:155,0
DA:156,0
LF:66
LH:0
end_of_record
SF:lib\core\logging\data\datasources\logging_remote_data_source_impl.dart
DA:13,0
DA:18,0
DA:20,0
DA:21,0
DA:22,0
DA:25,0
DA:26,0
DA:28,0
DA:32,0
DA:34,0
DA:35,0
DA:36,0
DA:37,0
DA:38,0
DA:42,0
DA:43,0
DA:47,0
DA:49,0
DA:50,0
DA:51,0
DA:52,0
DA:53,0
DA:57,0
DA:58,0
LF:24
LH:0
end_of_record
SF:lib\core\logging\data\repositories\logging_repository_impl.dart
DA:20,0
DA:25,0
DA:29,0
DA:32,0
DA:42,0
DA:45,0
DA:48,0
DA:50,0
DA:51,0
DA:52,0
DA:55,0
DA:57,0
DA:63,0
DA:66,0
DA:67,0
DA:70,0
DA:72,0
DA:76,0
DA:77,0
DA:81,0
DA:87,0
DA:92,0
DA:93,0
DA:94,0
DA:98,0
DA:101,0
DA:102,0
DA:104,0
DA:105,0
DA:106,0
DA:107,0
DA:111,0
DA:114,0
DA:116,0
DA:117,0
DA:121,0
DA:126,0
DA:127,0
DA:129,0
DA:130,0
DA:134,0
DA:140,0
DA:145,0
DA:146,0
DA:147,0
DA:151,0
DA:154,0
DA:155,0
DA:157,0
DA:158,0
DA:162,0
DA:168,0
DA:173,0
DA:174,0
DA:175,0
DA:179,0
DA:184,0
DA:185,0
DA:187,0
DA:188,0
DA:189,0
DA:190,0
DA:194,0
DA:195,0
DA:196,0
DA:197,0
DA:200,0
DA:201,0
DA:202,0
DA:204,0
DA:205,0
DA:206,0
DA:207,0
DA:208,0
DA:209,0
DA:210,0
DA:211,0
LF:77
LH:0
end_of_record
SF:lib\core\logging\services\logging_config_service.dart
DA:19,0
DA:28,0
DA:30,0
DA:33,0
DA:35,0
DA:39,0
DA:43,0
DA:44,0
DA:45,0
DA:46,0
DA:47,0
DA:51,0
DA:53,0
DA:56,0
DA:58,0
DA:59,0
DA:61,0
DA:63,0
DA:65,0
DA:67,0
DA:69,0
DA:70,0
DA:77,0
DA:79,0
DA:82,0
DA:84,0
DA:85,0
DA:87,0
DA:91,0
DA:93,0
DA:101,0
DA:103,0
DA:105,0
DA:108,0
DA:112,0
DA:113,0
DA:116,0
DA:120,0
DA:121,0
LF:39
LH:0
end_of_record
SF:lib\core\navigation\navigation_service_impl.dart
DA:6,0
DA:9,0
DA:11,0
DA:13,0
DA:15,0
DA:18,0
DA:20,0
DA:23,0
DA:25,0
DA:27,0
DA:29,0
DA:32,0
DA:34,0
DA:37,0
DA:39,0
DA:42,0
DA:44,0
DA:45,0
DA:48,0
DA:53,0
DA:54,0
DA:55,0
DA:57,0
DA:61,0
DA:66,0
DA:67,0
DA:68,0
DA:70,0
LF:28
LH:0
end_of_record
SF:lib\features\book_details\data\repositories\book_operations_repository_impl.dart
DA:14,0
DA:19,0
DA:22,0
DA:25,0
DA:27,0
DA:28,0
DA:29,0
DA:31,0
DA:35,0
DA:38,0
DA:41,0
DA:43,0
DA:44,0
DA:45,0
DA:47,0
DA:51,0
DA:54,0
DA:57,0
DA:59,0
DA:60,0
DA:61,0
DA:63,0
DA:67,0
DA:70,0
DA:73,0
DA:75,0
DA:76,0
DA:77,0
DA:79,0
DA:83,0
DA:86,0
DA:89,0
DA:91,0
DA:92,0
DA:93,0
DA:95,0
DA:99,0
DA:102,0
DA:105,0
DA:107,0
DA:108,0
DA:109,0
DA:111,0
DA:116,0
DA:117,0
DA:121,0
DA:122,0
DA:123,0
DA:124,0
DA:125,0
DA:127,0
DA:128,0
DA:130,0
DA:131,0
DA:132,0
DA:136,0
DA:137,0
DA:139,0
DA:141,0
DA:143,0
DA:144,0
LF:61
LH:0
end_of_record
SF:lib\features\book_details\data\repositories\rental_status_repository_impl.dart
DA:14,0
DA:19,0
DA:23,0
DA:26,0
DA:28,0
DA:32,0
DA:35,0
DA:37,0
DA:39,0
DA:43,0
DA:46,0
DA:51,0
DA:54,0
DA:55,0
DA:56,0
DA:58,0
DA:61,0
DA:62,0
DA:65,0
DA:66,0
DA:69,0
DA:72,0
DA:74,0
DA:78,0
DA:82,0
DA:83,0
DA:86,0
DA:87,0
DA:89,0
DA:91,0
DA:96,0
DA:97,0
DA:101,0
DA:102,0
DA:106,0
DA:107,0
DA:108,0
DA:109,0
DA:110,0
DA:111,0
DA:112,0
DA:113,0
DA:114,0
DA:115,0
DA:116,0
DA:117,0
DA:118,0
LF:47
LH:0
end_of_record
SF:lib\features\book_details\data\repositories\reviews_repository_impl.dart
DA:15,0
DA:20,0
DA:24,0
DA:25,0
DA:26,0
DA:30,0
DA:33,0
DA:35,0
DA:36,0
DA:38,0
DA:41,0
DA:43,0
DA:45,0
DA:50,0
DA:51,0
DA:53,0
DA:57,0
DA:64,0
DA:71,0
DA:73,0
DA:74,0
DA:75,0
DA:77,0
DA:81,0
DA:88,0
DA:95,0
DA:97,0
DA:98,0
DA:99,0
DA:103,0
DA:104,0
DA:106,0
DA:110,0
DA:113,0
DA:117,0
DA:120,0
DA:121,0
DA:125,0
DA:126,0
DA:128,0
DA:132,0
DA:138,0
DA:143,0
DA:144,0
DA:145,0
DA:147,0
DA:151,0
DA:154,0
DA:155,0
DA:156,0
DA:157,0
DA:159,0
DA:163,0
DA:166,0
DA:169,0
DA:171,0
DA:172,0
DA:173,0
DA:175,0
DA:179,0
DA:182,0
DA:185,0
DA:187,0
DA:188,0
DA:189,0
DA:191,0
DA:195,0
DA:198,0
DA:201,0
DA:203,0
DA:204,0
DA:205,0
DA:207,0
DA:211,0
DA:217,0
DA:223,0
DA:224,0
DA:226,0
DA:230,0
DA:233,0
DA:234,0
DA:235,0
DA:236,0
DA:238,0
DA:244,0
DA:245,0
DA:247,0
DA:248,0
DA:249,0
DA:250,0
DA:252,0
LF:91
LH:0
end_of_record
SF:lib\features\book_upload\data\repositories\book_upload_repository_impl.dart
DA:15,0
DA:17,0
DA:20,0
DA:21,0
DA:22,0
DA:23,0
DA:24,0
DA:25,0
DA:26,0
DA:27,0
DA:28,0
DA:29,0
DA:30,0
DA:31,0
DA:32,0
DA:33,0
DA:34,0
DA:35,0
DA:36,0
DA:37,0
DA:39,0
DA:43,0
DA:46,0
DA:50,0
DA:51,0
DA:52,0
DA:53,0
DA:54,0
DA:55,0
DA:56,0
DA:57,0
DA:58,0
DA:59,0
DA:60,0
DA:61,0
DA:62,0
DA:63,0
DA:64,0
DA:66,0
DA:68,0
DA:72,0
DA:75,0
DA:76,0
DA:77,0
DA:78,0
DA:79,0
DA:80,0
DA:81,0
DA:82,0
DA:83,0
DA:84,0
DA:85,0
DA:86,0
DA:87,0
DA:88,0
DA:89,0
DA:90,0
DA:91,0
DA:93,0
DA:95,0
DA:99,0
DA:102,0
DA:103,0
DA:104,0
DA:105,0
DA:106,0
DA:107,0
DA:108,0
DA:109,0
DA:110,0
DA:111,0
DA:112,0
DA:113,0
DA:114,0
DA:115,0
DA:116,0
DA:117,0
DA:118,0
DA:120,0
DA:122,0
DA:126,0
DA:129,0
DA:130,0
DA:131,0
DA:132,0
DA:133,0
DA:134,0
DA:135,0
DA:136,0
DA:137,0
DA:138,0
DA:139,0
DA:140,0
DA:141,0
DA:142,0
DA:143,0
DA:144,0
DA:146,0
DA:148,0
DA:152,0
DA:155,0
DA:156,0
DA:157,0
DA:158,0
DA:159,0
DA:160,0
DA:161,0
DA:162,0
DA:163,0
DA:164,0
DA:165,0
DA:166,0
DA:167,0
DA:168,0
DA:169,0
DA:170,0
DA:172,0
DA:174,0
DA:178,0
DA:181,0
DA:184,0
DA:188,0
DA:191,0
DA:194,0
DA:198,0
DA:201,0
DA:202,0
DA:203,0
DA:204,0
DA:205,0
DA:206,0
DA:207,0
DA:208,0
DA:209,0
DA:210,0
DA:211,0
DA:212,0
DA:213,0
DA:214,0
DA:215,0
DA:216,0
DA:217,0
DA:218,0
DA:220,0
DA:224,0
DA:227,0
DA:228,0
DA:230,0
DA:234,0
DA:237,0
DA:238,0
DA:240,0
DA:244,0
DA:247,0
DA:248,0
DA:250,0
LF:156
LH:0
end_of_record
SF:lib\features\book_upload\domain\usecases\update_book_usecase.dart
DA:11,0
DA:13,0
DA:15,0
DA:20,0
DA:24,0
LF:5
LH:0
end_of_record
SF:lib\features\book_upload\domain\usecases\upload_copy_usecase.dart
DA:10,0
DA:12,0
DA:14,0
DA:18,0
DA:22,0
DA:26,0
LF:6
LH:0
end_of_record
SF:lib\features\favorites\data\repositories\favorites_repository_impl.dart
DA:13,0
DA:18,0
DA:21,0
DA:22,0
DA:23,0
DA:26,0
DA:30,0
DA:34,0
DA:38,0
DA:46,0
DA:49,0
DA:53,0
DA:57,0
DA:60,0
DA:67,0
DA:70,0
DA:74,0
DA:76,0
DA:77,0
DA:81,0
DA:83,0
DA:84,0
LF:22
LH:0
end_of_record
SF:lib\core\error\error_handler.dart
DA:8,0
DA:9,0
DA:10,0
DA:11,0
DA:12,0
DA:13,0
DA:14,0
DA:16,0
DA:21,0
DA:25,0
DA:27,0
DA:29,0
DA:33,0
DA:37,0
DA:38,0
DA:40,0
DA:45,0
DA:50,0
DA:51,0
DA:54,0
DA:55,0
DA:57,0
DA:63,0
DA:64,0
DA:65,0
DA:67,0
DA:69,0
DA:71,0
LF:28
LH:0
end_of_record
SF:lib\features\home\data\repositories\book_repository_impl.dart
DA:13,0
DA:18,0
DA:20,0
DA:22,0
DA:23,0
DA:28,0
DA:36,0
DA:39,0
DA:40,0
DA:47,0
DA:49,0
DA:50,0
DA:54,0
DA:56,0
DA:57,0
DA:61,0
DA:63,0
DA:64,0
DA:68,0
DA:70,0
DA:71,0
LF:21
LH:0
end_of_record
SF:lib\features\library\data\repositories\library_repository_impl.dart
DA:12,0
DA:14,0
DA:20,0
DA:24,0
DA:26,0
DA:30,0
DA:36,0
DA:40,0
DA:42,0
DA:46,0
DA:50,0
DA:54,0
DA:56,0
DA:60,0
DA:64,0
DA:68,0
DA:70,0
LF:17
LH:0
end_of_record
SF:lib\features\notifications\data\repositories\notifications_repository_impl.dart
DA:18,0
DA:23,0
DA:27,0
DA:28,0
DA:29,0
DA:33,0
DA:36,0
DA:39,0
DA:41,0
DA:42,0
DA:43,0
DA:45,0
DA:49,0
DA:52,0
DA:53,0
DA:54,0
DA:55,0
DA:57,0
DA:61,0
DA:64,0
DA:67,0
DA:70,0
DA:71,0
DA:74,0
DA:75,0
DA:77,0
DA:81,0
DA:84,0
DA:87,0
DA:88,0
DA:89,0
DA:90,0
DA:93,0
DA:96,0
DA:97,0
DA:99,0
DA:103,0
DA:106,0
DA:109,0
DA:112,0
DA:113,0
DA:116,0
DA:117,0
DA:119,0
DA:123,0
DA:126,0
DA:129,0
DA:130,0
DA:131,0
DA:132,0
DA:134,0
DA:135,0
DA:136,0
DA:137,0
DA:138,0
DA:139,0
DA:140,0
DA:141,0
DA:142,0
DA:143,0
DA:144,0
DA:147,0
DA:151,0
DA:152,0
DA:155,0
DA:158,0
DA:159,0
DA:161,0
DA:165,0
DA:168,0
DA:171,0
DA:172,0
DA:173,0
DA:174,0
DA:176,0
DA:177,0
DA:178,0
DA:179,0
DA:180,0
DA:181,0
DA:182,0
DA:183,0
DA:184,0
DA:185,0
DA:186,0
DA:189,0
DA:193,0
DA:194,0
DA:197,0
DA:200,0
DA:201,0
DA:203,0
DA:207,0
DA:209,0
DA:212,0
DA:213,0
DA:214,0
DA:215,0
DA:216,0
DA:218,0
DA:219,0
DA:220,0
DA:222,0
DA:225,0
DA:226,0
DA:228,0
DA:235,0
DA:236,0
LF:108
LH:0
end_of_record
SF:lib\features\notifications\domain\services\pending_request_service.dart
DA:21,1
DA:28,1
DA:30,1
DA:31,2
DA:37,2
DA:38,2
DA:39,2
DA:40,1
DA:44,1
DA:47,1
DA:50,2
DA:51,1
DA:53,1
DA:54,2
DA:55,1
DA:59,1
DA:60,1
DA:64,1
DA:65,1
DA:67,4
DA:69,1
DA:72,6
DA:73,1
DA:75,2
DA:76,1
DA:79,1
DA:85,3
DA:87,1
DA:91,1
DA:97,2
DA:99,1
DA:100,2
DA:102,1
DA:106,1
DA:110,1
DA:112,1
DA:115,2
DA:117,2
DA:118,2
DA:123,1
DA:125,2
DA:127,1
DA:130,2
DA:151,3
DA:153,1
DA:154,2
DA:155,1
DA:159,1
DA:161,1
DA:162,1
DA:164,2
DA:166,2
DA:167,1
DA:168,3
DA:170,1
DA:173,0
DA:178,1
DA:179,2
DA:193,1
DA:197,2
DA:199,1
DA:201,2
DA:202,1
DA:203,3
DA:210,1
DA:216,2
DA:218,1
DA:221,2
DA:242,3
DA:244,1
DA:245,2
DA:246,1
DA:250,1
DA:252,1
DA:253,1
DA:255,2
DA:257,2
DA:258,1
DA:259,3
DA:261,1
DA:264,0
DA:269,1
DA:270,2
DA:284,1
DA:288,2
DA:290,1
DA:292,2
DA:293,1
DA:294,3
DA:301,1
DA:303,1
DA:305,1
DA:307,1
DA:312,1
DA:313,2
DA:314,1
LF:96
LH:94
end_of_record
SF:lib\features\cart\domain\usecases\accept_cart_request_usecase.dart
DA:9,0
DA:11,0
DA:12,0
LF:3
LH:0
end_of_record
SF:lib\features\cart\domain\usecases\reject_cart_request_usecase.dart
DA:9,0
DA:11,0
DA:12,0
LF:3
LH:0
end_of_record
SF:lib\features\orders\data\repositories\order_repository_impl.dart
DA:11,0
DA:13,0
DA:16,0
DA:18,0
DA:19,0
DA:20,0
DA:21,0
DA:23,0
DA:25,0
DA:29,0
DA:32,0
DA:33,0
DA:35,0
DA:39,0
DA:46,0
DA:48,0
DA:51,0
DA:53,0
DA:57,0
DA:63,0
DA:65,0
DA:67,0
DA:69,0
DA:73,0
DA:76,0
DA:79,0
DA:83,0
DA:86,0
DA:87,0
DA:89,0
DA:90,0
DA:92,0
DA:96,0
DA:99,0
DA:100,0
DA:102,0
DA:103,0
DA:105,0
LF:38
LH:0
end_of_record
SF:lib\features\policies\data\repositories\policy_repository_impl.dart
DA:12,0
DA:14,0
DA:17,0
DA:18,0
DA:21,0
DA:29,0
DA:32,0
DA:33,0
DA:39,0
DA:42,0
DA:43,0
DA:49,0
DA:52,0
DA:58,0
DA:61,0
LF:15
LH:0
end_of_record
SF:lib\features\profile\data\repositories\profile_repository_impl.dart
DA:12,0
DA:14,0
DA:17,0
DA:18,0
DA:20,0
DA:24,0
DA:27,0
DA:29,0
DA:30,0
DA:31,0
DA:33,0
DA:37,0
DA:40,0
DA:41,0
DA:43,0
DA:47,0
DA:50,0
DA:51,0
DA:53,0
DA:57,0
DA:60,0
DA:61,0
DA:63,0
DA:67,0
DA:70,0
DA:73,0
DA:77,0
DA:80,0
DA:83,0
DA:87,0
DA:90,0
DA:93,0
LF:32
LH:0
end_of_record
SF:lib\features\notifications\domain\usecases\get_notifications_usecase.dart
DA:9,0
DA:11,0
DA:12,0
LF:3
LH:0
end_of_record
SF:lib\features\notifications\domain\usecases\get_unread_count_usecase.dart
DA:8,0
DA:10,0
DA:11,0
LF:3
LH:0
end_of_record
SF:lib\features\notifications\domain\usecases\mark_notification_as_read_usecase.dart
DA:8,0
DA:10,0
DA:11,0
LF:3
LH:0
end_of_record
SF:lib\features\notifications\domain\usecases\accept_book_request_usecase.dart
DA:8,0
DA:10,0
DA:11,0
LF:3
LH:0
end_of_record
SF:lib\features\notifications\domain\usecases\reject_book_request_usecase.dart
DA:8,0
DA:10,0
DA:11,0
LF:3
LH:0
end_of_record
SF:lib\features\notifications\presentation\bloc\notifications_bloc.dart
DA:26,0
DA:35,0
DA:36,0
DA:37,0
DA:38,0
DA:39,0
DA:40,0
DA:41,0
DA:42,0
DA:43,0
DA:44,0
DA:45,0
DA:48,0
DA:49,0
DA:50,0
DA:51,0
DA:57,0
DA:61,0
DA:63,0
DA:64,0
DA:66,0
DA:67,0
DA:68,0
DA:70,0
DA:71,0
DA:72,0
DA:73,0
DA:75,0
DA:83,0
DA:87,0
DA:88,0
DA:90,0
DA:91,0
DA:92,0
DA:93,0
DA:94,0
DA:95,0
DA:96,0
DA:97,0
DA:101,0
DA:102,0
DA:103,0
DA:104,0
DA:106,0
DA:114,0
DA:118,0
DA:120,0
DA:121,0
DA:122,0
DA:123,0
DA:124,0
DA:127,0
DA:129,0
DA:130,0
DA:131,0
DA:132,0
DA:133,0
DA:134,0
DA:137,0
DA:139,0
DA:140,0
DA:141,0
DA:144,0
DA:146,0
DA:148,0
DA:156,0
DA:160,0
DA:162,0
DA:164,0
DA:166,0
DA:167,0
DA:168,0
DA:169,0
DA:170,0
DA:171,0
DA:174,0
DA:175,0
DA:176,0
DA:177,0
DA:179,0
DA:187,0
DA:191,0
DA:193,0
DA:195,0
DA:197,0
DA:198,0
DA:199,0
DA:200,0
DA:201,0
DA:202,0
DA:205,0
DA:206,0
DA:207,0
DA:208,0
DA:210,0
DA:212,0
DA:221,0
DA:225,0
DA:227,0
DA:228,0
DA:229,0
DA:230,0
DA:231,0
DA:234,0
DA:236,0
DA:237,0
DA:238,0
DA:239,0
DA:240,0
DA:241,0
DA:244,0
DA:245,0
DA:246,0
DA:247,0
DA:254,0
DA:258,0
DA:260,0
DA:261,0
DA:262,0
DA:263,0
DA:264,0
DA:267,0
DA:269,0
DA:270,0
DA:271,0
DA:272,0
DA:273,0
DA:274,0
DA:277,0
DA:278,0
DA:279,0
DA:280,0
DA:287,0
DA:291,0
DA:293,0
DA:294,0
DA:295,0
DA:296,0
DA:297,0
DA:300,0
DA:302,0
DA:303,0
DA:304,0
DA:305,0
DA:306,0
DA:307,0
DA:310,0
DA:311,0
DA:312,0
DA:313,0
DA:320,0
DA:324,0
DA:326,0
DA:327,0
DA:328,0
DA:329,0
DA:330,0
DA:333,0
DA:335,0
DA:336,0
DA:337,0
DA:338,0
DA:339,0
DA:340,0
DA:343,0
DA:344,0
DA:345,0
DA:346,0
DA:353,0
DA:357,0
DA:359,0
DA:360,0
DA:363,0
DA:364,0
DA:365,0
DA:366,0
DA:372,0
DA:374,0
DA:375,0
LF:179
LH:0
end_of_record
SF:lib\features\notifications\presentation\bloc\notifications_event.dart
DA:4,0
DA:6,0
DA:7,0
DA:11,0
DA:15,0
DA:21,0
DA:23,0
DA:24,0
DA:28,0
DA:34,0
DA:36,0
DA:37,0
DA:43,0
DA:45,0
DA:46,0
DA:53,0
DA:58,0
DA:59,0
DA:65,0
DA:67,0
DA:68,0
DA:75,0
DA:80,0
DA:81,0
DA:85,0
LF:25
LH:0
end_of_record
SF:lib\features\notifications\presentation\bloc\notifications_state.dart
DA:5,2
DA:7,0
DA:8,0
DA:12,2
DA:16,2
DA:23,0
DA:28,0
DA:29,0
DA:31,0
DA:35,0
DA:36,0
DA:37,0
DA:45,0
DA:47,0
DA:48,0
DA:56,0
DA:62,0
DA:63,0
DA:71,0
DA:77,0
DA:78,0
DA:86,0
DA:92,0
DA:93,0
LF:24
LH:3
end_of_record
SF:lib\core\data\repository_helper.dart
DA:8,0
DA:14,0
DA:16,0
DA:20,0
DA:27,0
DA:30,0
DA:37,0
DA:41,0
DA:45,0
DA:52,0
DA:54,0
DA:58,0
DA:61,0
DA:64,0
DA:67,0
LF:15
LH:0
end_of_record
